

Started GET "/" for 109.194.129.39 at Пнд Июл 11 14:53:52 +0400 2011
  Processing by PagesController#home as HTML
Rendered pages/_cont.haml (1.1ms)
Rendered shared/_menu.haml (7.8ms)
Rendered shared/_slider.haml (8.2ms)
Rendered pages/home.haml within layouts/application_h (30.0ms)
Completed 200 OK in 43ms (Views: 32.0ms | ActiveRecord: 0.6ms)


Started GET "/restaurant" for 109.194.129.39 at Пнд Июл 11 14:53:57 +0400 2011
  Processing by PagesController#restaurant as HTML
Rendered pages/_cont.haml (0.1ms)
Rendered shared/_restaurant.haml (4.9ms)
Rendered shared/_menu.haml (0.1ms)
Rendered shared/_slider.haml (2.3ms)
Rendered pages/restaurant.haml within layouts/application_r (64.8ms)
Completed 200 OK in 68ms (Views: 66.4ms | ActiveRecord: 0.4ms)


Started GET "/restaurant/menu" for 109.194.129.39 at Пнд Июл 11 14:54:00 +0400 2011
  Processing by MenusController#restaurant_menu as HTML
Rendered menus/_menu.erb (20.9ms)
Rendered shared/_menu.haml (0.1ms)
Rendered menus/restaurant_menu.haml within layouts/application_m (32.0ms)
Completed 200 OK in 37ms (Views: 34.5ms | ActiveRecord: 0.4ms)


Started POST "/cart_items" for 109.194.129.39 at Пнд Июл 11 14:54:07 +0400 2011
  Processing by CartItemsController#create as HTML
  Parameters: {"commit"=>"В корзину", "authenticity_token"=>"aCHUrCQ+3BLP9A8H/AWIb7RaEXyHFNme65/BTSjXV5k=", "utf8"=>"✓", "cart_item"=>{"menu_id"=>"3"}}
Redirected to http://restaurant.maxstbn.locum.ru/restaurant/menu
Completed 302 Found in 61ms


Started GET "/restaurant/menu" for 109.194.129.39 at Пнд Июл 11 14:54:07 +0400 2011
  Processing by MenusController#restaurant_menu as HTML
Rendered menus/_menu.erb (9.6ms)
Rendered shared/_menu.haml (0.1ms)
Rendered menus/restaurant_menu.haml within layouts/application_m (11.4ms)
Completed 200 OK in 13ms (Views: 11.9ms | ActiveRecord: 1.3ms)


Started POST "/cart_items" for 109.194.129.39 at Пнд Июл 11 14:54:09 +0400 2011
  Processing by CartItemsController#create as HTML
  Parameters: {"commit"=>"В корзину", "authenticity_token"=>"aCHUrCQ+3BLP9A8H/AWIb7RaEXyHFNme65/BTSjXV5k=", "utf8"=>"✓", "cart_item"=>{"menu_id"=>"2"}}
Redirected to http://restaurant.maxstbn.locum.ru/restaurant/menu
Completed 302 Found in 669ms


Started GET "/restaurant/menu" for 109.194.129.39 at Пнд Июл 11 14:54:10 +0400 2011
  Processing by MenusController#restaurant_menu as HTML
Rendered menus/_menu.erb (57.6ms)
Rendered shared/_menu.haml (0.1ms)
Rendered menus/restaurant_menu.haml within layouts/application_m (59.7ms)
Completed 200 OK in 61ms (Views: 60.1ms | ActiveRecord: 0.9ms)


Started GET "/restaurant" for 109.194.129.39 at Пнд Июл 11 14:54:13 +0400 2011
  Processing by PagesController#restaurant as HTML
Rendered pages/_cont.haml (0.1ms)
Rendered shared/_restaurant.haml (0.1ms)
Rendered shared/_menu.haml (0.1ms)
Rendered shared/_slider.haml (2.0ms)
Rendered pages/restaurant.haml within layouts/application_r (4.3ms)
Completed 200 OK in 6ms (Views: 4.7ms | ActiveRecord: 0.3ms)


Started GET "/cart" for 109.194.129.39 at Пнд Июл 11 14:54:17 +0400 2011
  Processing by CartsController#show as HTML
Rendered shared/_menu.haml (0.1ms)
Rendered carts/show.erb within layouts/application_m (9.7ms)
Completed 200 OK in 12ms (Views: 10.3ms | ActiveRecord: 1.0ms)


Started GET "/restaurant" for 109.194.129.39 at Пнд Июл 11 14:54:22 +0400 2011
  Processing by PagesController#restaurant as HTML
Rendered pages/_cont.haml (0.1ms)
Rendered shared/_restaurant.haml (0.1ms)
Rendered shared/_menu.haml (0.1ms)
Rendered shared/_slider.haml (1.9ms)
Rendered pages/restaurant.haml within layouts/application_r (4.2ms)
Completed 200 OK in 6ms (Views: 4.5ms | ActiveRecord: 0.4ms)


Started GET "/flowers" for 109.194.129.39 at Пнд Июл 11 14:54:25 +0400 2011
  Processing by MenusController#flowers as HTML
Rendered shared/_menu.haml (0.1ms)
Rendered menus/flowers.erb within layouts/application_m (12.3ms)
Completed 200 OK in 397ms (Views: 395.1ms | ActiveRecord: 0.4ms)


Started POST "/cart_items" for 109.194.129.39 at Пнд Июл 11 14:54:31 +0400 2011
  Processing by CartItemsController#create as HTML
  Parameters: {"commit"=>"В корзину", "authenticity_token"=>"aCHUrCQ+3BLP9A8H/AWIb7RaEXyHFNme65/BTSjXV5k=", "utf8"=>"✓", "cart_item"=>{"menu_id"=>"17"}}
Redirected to http://restaurant.maxstbn.locum.ru/flowers
Completed 302 Found in 6ms


Started GET "/flowers" for 109.194.129.39 at Пнд Июл 11 14:54:31 +0400 2011
  Processing by MenusController#flowers as HTML
Rendered shared/_menu.haml (0.1ms)
Rendered menus/flowers.erb within layouts/application_m (56.8ms)
Completed 200 OK in 59ms (Views: 57.2ms | ActiveRecord: 1.1ms)


Started GET "/restaurant" for 109.194.129.39 at Пнд Июл 11 14:54:33 +0400 2011
  Processing by PagesController#restaurant as HTML
Rendered pages/_cont.haml (0.1ms)
Rendered shared/_restaurant.haml (0.1ms)
Rendered shared/_menu.haml (0.1ms)
Rendered shared/_slider.haml (2.5ms)
Rendered pages/restaurant.haml within layouts/application_r (5.1ms)
Completed 200 OK in 7ms (Views: 5.4ms | ActiveRecord: 0.4ms)


Started GET "/shashlyk" for 109.194.129.39 at Пнд Июл 11 14:54:34 +0400 2011
  Processing by PagesController#shashlyk as HTML
Rendered pages/_cont.haml (0.1ms)
Rendered shared/_shashlyk.haml (5.9ms)
Rendered shared/_menu.haml (0.1ms)
Rendered shared/_slider.haml (2.1ms)
Rendered pages/shashlyk.haml within layouts/application_s (18.8ms)
Completed 200 OK in 22ms (Views: 20.6ms | ActiveRecord: 0.4ms)


Started GET "/shashlyk/menu" for 109.194.129.39 at Пнд Июл 11 14:54:39 +0400 2011
  Processing by MenusController#shashlyk_menu as HTML
Rendered menus/_menu.erb (8.4ms)
Rendered shared/_menu.haml (0.1ms)
Rendered menus/shashlyk_menu.haml within layouts/application_m (11.3ms)
Completed 200 OK in 15ms (Views: 13.3ms | ActiveRecord: 0.5ms)


Started POST "/cart_items" for 109.194.129.39 at Пнд Июл 11 14:54:42 +0400 2011
  Processing by CartItemsController#create as HTML
  Parameters: {"commit"=>"В корзину", "authenticity_token"=>"aCHUrCQ+3BLP9A8H/AWIb7RaEXyHFNme65/BTSjXV5k=", "utf8"=>"✓", "cart_item"=>{"menu_id"=>"1"}}
Redirected to http://restaurant.maxstbn.locum.ru/shashlyk/menu
Completed 302 Found in 6ms


Started GET "/shashlyk/menu" for 109.194.129.39 at Пнд Июл 11 14:54:42 +0400 2011
  Processing by MenusController#shashlyk_menu as HTML
Rendered menus/_menu.erb (8.9ms)
Rendered shared/_menu.haml (0.1ms)
Rendered menus/shashlyk_menu.haml within layouts/application_m (12.0ms)
Completed 200 OK in 14ms (Views: 12.7ms | ActiveRecord: 1.0ms)


Started POST "/cart_items" for 109.194.129.39 at Пнд Июл 11 14:54:43 +0400 2011
  Processing by CartItemsController#create as HTML
  Parameters: {"commit"=>"В корзину", "authenticity_token"=>"aCHUrCQ+3BLP9A8H/AWIb7RaEXyHFNme65/BTSjXV5k=", "utf8"=>"✓", "cart_item"=>{"menu_id"=>"22"}}
Redirected to http://restaurant.maxstbn.locum.ru/shashlyk/menu
Completed 302 Found in 7ms


Started GET "/shashlyk/menu" for 109.194.129.39 at Пнд Июл 11 14:54:43 +0400 2011
  Processing by MenusController#shashlyk_menu as HTML
Rendered menus/_menu.erb (5.3ms)
Rendered shared/_menu.haml (0.1ms)
Rendered menus/shashlyk_menu.haml within layouts/application_m (7.3ms)
Completed 200 OK in 9ms (Views: 7.7ms | ActiveRecord: 1.0ms)


Started GET "/shashlyk" for 109.194.129.39 at Пнд Июл 11 14:54:46 +0400 2011
  Processing by PagesController#shashlyk as HTML
Rendered pages/_cont.haml (0.1ms)
Rendered shared/_shashlyk.haml (0.1ms)
Rendered shared/_menu.haml (0.1ms)
Rendered shared/_slider.haml (2.0ms)
Rendered pages/shashlyk.haml within layouts/application_s (48.2ms)
Completed 200 OK in 50ms (Views: 48.5ms | ActiveRecord: 0.4ms)


Started GET "/cart" for 109.194.129.39 at Пнд Июл 11 14:54:49 +0400 2011
  Processing by CartsController#show as HTML
Rendered shared/_menu.haml (0.1ms)
Rendered carts/show.erb within layouts/application_m (10.3ms)
Completed 200 OK in 12ms (Views: 9.7ms | ActiveRecord: 1.4ms)


Started GET "/shashlyk" for 109.194.129.39 at Пнд Июл 11 14:54:55 +0400 2011
  Processing by PagesController#shashlyk as HTML
Rendered pages/_cont.haml (0.1ms)
Rendered shared/_shashlyk.haml (0.1ms)
Rendered shared/_menu.haml (0.1ms)
Rendered shared/_slider.haml (2.3ms)
Rendered pages/shashlyk.haml within layouts/application_s (4.8ms)
Completed 200 OK in 6ms (Views: 5.1ms | ActiveRecord: 0.4ms)


Started GET "/flowers" for 109.194.129.39 at Пнд Июл 11 14:55:02 +0400 2011
  Processing by MenusController#flowers as HTML
Rendered shared/_menu.haml (0.1ms)
Rendered menus/flowers.erb within layouts/application_m (12.0ms)
Completed 200 OK in 14ms (Views: 12.5ms | ActiveRecord: 0.4ms)


Started POST "/cart_items" for 109.194.129.39 at Пнд Июл 11 14:55:04 +0400 2011
  Processing by CartItemsController#create as HTML
  Parameters: {"commit"=>"В корзину", "authenticity_token"=>"aCHUrCQ+3BLP9A8H/AWIb7RaEXyHFNme65/BTSjXV5k=", "utf8"=>"✓", "cart_item"=>{"menu_id"=>"14"}}
Redirected to http://restaurant.maxstbn.locum.ru/flowers
Completed 302 Found in 7ms


Started GET "/flowers" for 109.194.129.39 at Пнд Июл 11 14:55:04 +0400 2011
  Processing by MenusController#flowers as HTML
Rendered shared/_menu.haml (0.1ms)
Rendered menus/flowers.erb within layouts/application_m (11.8ms)
Completed 200 OK in 14ms (Views: 12.3ms | ActiveRecord: 1.3ms)


Started POST "/cart_items" for 109.194.129.39 at Пнд Июл 11 14:55:05 +0400 2011
  Processing by CartItemsController#create as HTML
  Parameters: {"commit"=>"В корзину", "authenticity_token"=>"aCHUrCQ+3BLP9A8H/AWIb7RaEXyHFNme65/BTSjXV5k=", "utf8"=>"✓", "cart_item"=>{"menu_id"=>"14"}}
Redirected to http://restaurant.maxstbn.locum.ru/flowers
Completed 302 Found in 12ms


Started GET "/flowers" for 109.194.129.39 at Пнд Июл 11 14:55:05 +0400 2011
  Processing by MenusController#flowers as HTML
Rendered shared/_menu.haml (0.1ms)
Rendered menus/flowers.erb within layouts/application_m (12.0ms)
Completed 200 OK in 14ms (Views: 12.6ms | ActiveRecord: 1.1ms)


Started POST "/cart_items" for 109.194.129.39 at Пнд Июл 11 14:55:06 +0400 2011
  Processing by CartItemsController#create as HTML
  Parameters: {"commit"=>"В корзину", "authenticity_token"=>"aCHUrCQ+3BLP9A8H/AWIb7RaEXyHFNme65/BTSjXV5k=", "utf8"=>"✓", "cart_item"=>{"menu_id"=>"14"}}
Redirected to http://restaurant.maxstbn.locum.ru/flowers
Completed 302 Found in 51ms


Started GET "/flowers" for 109.194.129.39 at Пнд Июл 11 14:55:06 +0400 2011
  Processing by MenusController#flowers as HTML
Rendered shared/_menu.haml (0.1ms)
Rendered menus/flowers.erb within layouts/application_m (14.8ms)
Completed 200 OK in 17ms (Views: 15.4ms | ActiveRecord: 1.4ms)


Started POST "/cart_items" for 109.194.129.39 at Пнд Июл 11 14:55:07 +0400 2011
  Processing by CartItemsController#create as HTML
  Parameters: {"commit"=>"В корзину", "authenticity_token"=>"aCHUrCQ+3BLP9A8H/AWIb7RaEXyHFNme65/BTSjXV5k=", "utf8"=>"✓", "cart_item"=>{"menu_id"=>"14"}}
Redirected to http://restaurant.maxstbn.locum.ru/flowers
Completed 302 Found in 15ms


Started GET "/flowers" for 109.194.129.39 at Пнд Июл 11 14:55:07 +0400 2011
  Processing by MenusController#flowers as HTML
Rendered shared/_menu.haml (0.1ms)
Rendered menus/flowers.erb within layouts/application_m (13.3ms)
Completed 200 OK in 15ms (Views: 13.8ms | ActiveRecord: 1.2ms)


Started GET "/shashlyk" for 109.194.129.39 at Пнд Июл 11 14:55:09 +0400 2011
  Processing by PagesController#shashlyk as HTML
Rendered pages/_cont.haml (0.2ms)
Rendered shared/_shashlyk.haml (0.1ms)
Rendered shared/_menu.haml (0.1ms)
Rendered shared/_slider.haml (2.1ms)
Rendered pages/shashlyk.haml within layouts/application_s (4.6ms)
Completed 200 OK in 6ms (Views: 5.0ms | ActiveRecord: 0.3ms)


Started GET "/cart" for 109.194.129.39 at Пнд Июл 11 14:55:11 +0400 2011
  Processing by CartsController#show as HTML
Rendered shared/_menu.haml (0.1ms)
Rendered carts/show.erb within layouts/application_m (10.4ms)
Completed 200 OK in 12ms (Views: 9.8ms | ActiveRecord: 1.3ms)


Started GET "/cart/profile" for 109.194.129.39 at Пнд Июл 11 14:55:16 +0400 2011
  Processing by CartsController#profile as HTML
Rendered shared/_menu.haml (0.1ms)
Rendered carts/profile.haml within layouts/application_m (6.7ms)
Completed 200 OK in 9ms (Views: 8.0ms | ActiveRecord: 0.2ms)


Started POST "/carts/1" for 109.194.129.39 at Пнд Июл 11 14:55:21 +0400 2011
  Processing by CartsController#update as HTML
  Parameters: {"cart"=>{"name"=>"Столбухин Максим Анатольевич", "phone"=>"234567"}, "commit"=>"Заказать", "authenticity_token"=>"aCHUrCQ+3BLP9A8H/AWIb7RaEXyHFNme65/BTSjXV5k=", "utf8"=>"✓", "id"=>"1"}
Redirected to http://restaurant.maxstbn.locum.ru/cart/send
Completed 302 Found in 10ms


Started GET "/cart/send" for 109.194.129.39 at Пнд Июл 11 14:55:21 +0400 2011
  Processing by CartsController#send_email as HTML
Rendered cart_mailer/cart_confirmation.erb (13.7ms)

Sent mail to maxstbn@gmail.com (58ms)
Redirected to http://restaurant.maxstbn.locum.ru/cart/destroy
Completed 302 Found in 227ms


Started GET "/cart/destroy" for 109.194.129.39 at Пнд Июл 11 14:55:21 +0400 2011
  Processing by CartsController#destroy as HTML
Redirected to http://restaurant.maxstbn.locum.ru/
Completed 302 Found in 46ms


Started GET "/" for 109.194.129.39 at Пнд Июл 11 14:55:21 +0400 2011
  Processing by PagesController#home as HTML
Rendered pages/_cont.haml (0.1ms)
Rendered shared/_menu.haml (0.1ms)
Rendered shared/_slider.haml (3.8ms)
Rendered pages/home.haml within layouts/application_h (6.3ms)
Completed 200 OK in 8ms (Views: 6.7ms | ActiveRecord: 16.1ms)


Started GET "/shashlyk" for 109.194.129.39 at Пнд Июл 11 14:56:54 +0400 2011
  Processing by PagesController#shashlyk as HTML
Rendered pages/_cont.haml (0.1ms)
Rendered shared/_shashlyk.haml (0.1ms)
Rendered shared/_menu.haml (0.1ms)
Rendered shared/_slider.haml (1.9ms)
Rendered pages/shashlyk.haml within layouts/application_s (4.3ms)
Completed 200 OK in 6ms (Views: 4.6ms | ActiveRecord: 0.3ms)


Started GET "/booking" for 109.194.129.39 at Пнд Июл 11 14:56:58 +0400 2011
  Processing by BookingsController#index as HTML
  Parameters: {"controllers"=>:bookings}
Rendered shared/_menu.haml (0.1ms)
Rendered bookings/index.haml within layouts/application_b (23.7ms)
Completed 200 OK in 28ms (Views: 26.0ms | ActiveRecord: 0.3ms)


Started GET "/booking" for 109.194.129.39 at Пнд Июл 11 14:58:10 +0400 2011
  Processing by BookingsController#index as HTML
  Parameters: {"controllers"=>:bookings}
Rendered shared/_menu.haml (0.1ms)
Rendered bookings/index.haml within layouts/application_b (4.4ms)
Completed 200 OK in 6ms (Views: 4.8ms | ActiveRecord: 0.3ms)


Started GET "/tour" for 109.194.129.39 at Пнд Июл 11 14:58:17 +0400 2011
  Processing by PagesController#tour as HTML
Rendered shared/_menu.haml (0.1ms)
Rendered pages/tour.haml within layouts/application_t (56.1ms)
Completed 200 OK in 59ms (Views: 58.0ms | ActiveRecord: 0.2ms)


Started GET "/shashlyk" for 109.194.129.39 at Пнд Июл 11 14:58:20 +0400 2011
  Processing by PagesController#shashlyk as HTML
Rendered pages/_cont.haml (0.1ms)
Rendered shared/_shashlyk.haml (0.1ms)
Rendered shared/_menu.haml (0.1ms)
Rendered shared/_slider.haml (2.1ms)
Rendered pages/shashlyk.haml within layouts/application_s (4.5ms)
Completed 200 OK in 6ms (Views: 4.9ms | ActiveRecord: 0.3ms)


Started GET "/contacts" for 109.194.129.39 at Пнд Июл 11 14:58:22 +0400 2011
  Processing by PagesController#contacts as HTML
Rendered shared/_menu.haml (0.1ms)
Rendered pages/contacts.haml within layouts/application_с (11.7ms)
Completed 200 OK in 15ms (Views: 13.9ms | ActiveRecord: 0.2ms)


Started GET "/feedbacks" for 109.194.129.39 at Пнд Июл 11 14:58:25 +0400 2011
  Processing by FeedbacksController#index as HTML
Rendered shared/_menu.haml (0.1ms)
Rendered feedbacks/index.haml within layouts/application_f (15.7ms)
Completed 200 OK in 20ms (Views: 18.0ms | ActiveRecord: 0.4ms)


Started POST "/feedbacks" for 109.194.129.39 at Пнд Июл 11 14:58:34 +0400 2011
  Processing by FeedbacksController#create as HTML
  Parameters: {"commit"=>"Отправить", "authenticity_token"=>"aCHUrCQ+3BLP9A8H/AWIb7RaEXyHFNme65/BTSjXV5k=", "utf8"=>"✓", "feedback"=>{"desc"=>"", "user"=>""}}
Rendered shared/_menu.haml (0.1ms)
Rendered feedbacks/index.haml within layouts/application_f (5.0ms)
Completed 200 OK in 52ms (Views: 5.5ms | ActiveRecord: 0.4ms)


Started GET "/contacts" for 109.194.129.39 at Пнд Июл 11 14:58:37 +0400 2011
  Processing by PagesController#contacts as HTML
Rendered shared/_menu.haml (0.1ms)
Rendered pages/contacts.haml within layouts/application_с (1.7ms)
Completed 200 OK in 3ms (Views: 2.2ms | ActiveRecord: 0.2ms)


Started GET "/tour" for 109.194.129.39 at Пнд Июл 11 14:58:38 +0400 2011
  Processing by PagesController#tour as HTML
Rendered shared/_menu.haml (0.1ms)
Rendered pages/tour.haml within layouts/application_t (1.8ms)
Completed 200 OK in 3ms (Views: 2.3ms | ActiveRecord: 0.2ms)


Started GET "/shashlyk" for 109.194.129.39 at Пнд Июл 11 14:58:39 +0400 2011
  Processing by PagesController#shashlyk as HTML
Rendered pages/_cont.haml (0.1ms)
Rendered shared/_shashlyk.haml (0.1ms)
Rendered shared/_menu.haml (0.1ms)
Rendered shared/_slider.haml (50.4ms)
Rendered pages/shashlyk.haml within layouts/application_s (52.7ms)
Completed 200 OK in 54ms (Views: 52.4ms | ActiveRecord: 1.1ms)


Started GET "/restaurant" for 109.194.129.39 at Пнд Июл 11 14:58:40 +0400 2011
  Processing by PagesController#restaurant as HTML
Rendered pages/_cont.haml (0.1ms)
Rendered shared/_restaurant.haml (0.1ms)
Rendered shared/_menu.haml (0.1ms)
Rendered shared/_slider.haml (2.6ms)
Rendered pages/restaurant.haml within layouts/application_r (5.2ms)
Completed 200 OK in 7ms (Views: 5.5ms | ActiveRecord: 0.4ms)


Started GET "/" for 109.194.129.39 at Пнд Июл 11 14:58:41 +0400 2011
  Processing by PagesController#home as HTML
Rendered pages/_cont.haml (0.1ms)
Rendered shared/_menu.haml (0.1ms)
Rendered shared/_slider.haml (3.2ms)
Rendered pages/home.haml within layouts/application_h (5.5ms)
Completed 200 OK in 7ms (Views: 5.8ms | ActiveRecord: 0.4ms)


Started GET "/restaurant" for 109.194.129.39 at Пнд Июл 11 14:58:45 +0400 2011
  Processing by PagesController#restaurant as HTML
Rendered pages/_cont.haml (0.1ms)
Rendered shared/_restaurant.haml (0.1ms)
Rendered shared/_menu.haml (0.1ms)
Rendered shared/_slider.haml (2.0ms)
Rendered pages/restaurant.haml within layouts/application_r (4.5ms)
Completed 200 OK in 6ms (Views: 4.8ms | ActiveRecord: 0.4ms)


Started GET "/restaurant/menu" for 109.194.129.39 at Пнд Июл 11 14:58:48 +0400 2011
  Processing by MenusController#restaurant_menu as HTML
Rendered menus/_menu.erb (10.8ms)
Rendered shared/_menu.haml (0.1ms)
Rendered menus/restaurant_menu.haml within layouts/application_m (12.8ms)
Completed 200 OK in 15ms (Views: 13.3ms | ActiveRecord: 0.4ms)


Started GET "/contacts" for 109.194.129.39 at Пнд Июл 11 15:02:02 +0400 2011
  Processing by PagesController#contacts as HTML
Rendered shared/_menu.haml (0.1ms)
Rendered pages/contacts.haml within layouts/application_с (1.8ms)
Completed 200 OK in 3ms (Views: 2.3ms | ActiveRecord: 0.2ms)


Started GET "/tour" for 109.194.129.39 at Пнд Июл 11 15:02:04 +0400 2011
  Processing by PagesController#tour as HTML
Rendered shared/_menu.haml (0.1ms)
Rendered pages/tour.haml within layouts/application_t (2.1ms)
Completed 200 OK in 4ms (Views: 2.6ms | ActiveRecord: 0.2ms)


Started GET "/feedbacks" for 109.194.129.39 at Пнд Июл 11 15:02:05 +0400 2011
  Processing by FeedbacksController#index as HTML
Rendered shared/_menu.haml (0.1ms)
Rendered feedbacks/index.haml within layouts/application_f (3.5ms)
Completed 200 OK in 6ms (Views: 3.9ms | ActiveRecord: 0.4ms)


Started GET "/shashlyk" for 109.194.129.39 at Пнд Июл 11 15:02:06 +0400 2011
  Processing by PagesController#shashlyk as HTML
Rendered pages/_cont.haml (0.1ms)
Rendered shared/_shashlyk.haml (0.1ms)
Rendered shared/_menu.haml (0.1ms)
Rendered shared/_slider.haml (2.0ms)
Rendered pages/shashlyk.haml within layouts/application_s (4.5ms)
Completed 200 OK in 6ms (Views: 4.9ms | ActiveRecord: 0.4ms)


Started GET "/tour" for 109.194.129.39 at Пнд Июл 11 15:02:09 +0400 2011
  Processing by PagesController#tour as HTML
Rendered shared/_menu.haml (0.1ms)
Rendered pages/tour.haml within layouts/application_t (1.8ms)
Completed 200 OK in 3ms (Views: 2.2ms | ActiveRecord: 0.2ms)


Started GET "/shashlyk" for 109.194.129.39 at Пнд Июл 11 15:02:13 +0400 2011
  Processing by PagesController#shashlyk as HTML
Rendered pages/_cont.haml (1.1ms)
Rendered shared/_shashlyk.haml (5.7ms)
Rendered shared/_menu.haml (7.4ms)
Rendered shared/_slider.haml (6.9ms)
Rendered pages/shashlyk.haml within layouts/application_s (33.6ms)
Completed 200 OK in 57ms (Views: 35.7ms | ActiveRecord: 0.5ms)


Started GET "/booking" for 109.194.129.39 at Пнд Июл 11 15:02:15 +0400 2011
  Processing by BookingsController#index as HTML
  Parameters: {"controllers"=>:bookings}
Rendered shared/_menu.haml (0.1ms)
Rendered bookings/index.haml within layouts/application_b (70.1ms)
Completed 200 OK in 74ms (Views: 72.3ms | ActiveRecord: 0.3ms)


Started POST "/booking" for 109.194.129.39 at Пнд Июл 11 15:02:26 +0400 2011
  Processing by BookingsController#create as HTML
  Parameters: {"commit"=>"Забронировать", "controllers"=>:bookings, "authenticity_token"=>"aCHUrCQ+3BLP9A8H/AWIb7RaEXyHFNme65/BTSjXV5k=", "utf8"=>"✓", "booking"=>{"name"=>"Максим", "time"=>"8:00", "table"=>"1", "date"=>"20 сентября", "phone"=>"788956", "surname"=>"Столбухин", "patronymic"=>"Анатольевич"}}
Rendered booking_mailer/booking_confirmation.haml (5.7ms)

Sent mail to maxstbn@gmail.com (58ms)
Redirected to http://restaurant.maxstbn.locum.ru/booking
Completed 302 Found in 106ms


Started GET "/booking" for 109.194.129.39 at Пнд Июл 11 15:02:26 +0400 2011
  Processing by BookingsController#index as HTML
  Parameters: {"controllers"=>:bookings}
Rendered shared/_menu.haml (0.1ms)
Rendered bookings/index.haml within layouts/application_b (4.8ms)
Completed 200 OK in 6ms (Views: 5.2ms | ActiveRecord: 0.6ms)


Started GET "/booking" for 109.194.129.39 at Пнд Июл 11 15:04:57 +0400 2011
  Processing by BookingsController#index as HTML
  Parameters: {"controllers"=>:bookings}
Rendered shared/_menu.haml (0.1ms)
Rendered bookings/index.haml within layouts/application_b (4.6ms)
Completed 200 OK in 6ms (Views: 5.0ms | ActiveRecord: 0.3ms)


Started POST "/booking" for 109.194.129.39 at Пнд Июл 11 15:05:02 +0400 2011
  Processing by BookingsController#create as HTML
  Parameters: {"commit"=>"Забронировать", "controllers"=>:bookings, "authenticity_token"=>"aCHUrCQ+3BLP9A8H/AWIb7RaEXyHFNme65/BTSjXV5k=", "utf8"=>"✓", "booking"=>{"name"=>"", "time"=>"8:00", "table"=>"1", "date"=>"", "phone"=>"", "surname"=>"Столбухин", "patronymic"=>""}}
Completed 500 Internal Server Error in 17ms

ActionView::MissingTemplate (Missing template bookings/create with {:formats=>[:html], :handlers=>[:rjs, :rhtml, :rxml, :haml, :builder, :erb], :locale=>[:en, :en]} in view paths "/var/www/home/hosting_maxstbn/projects/restaurant/releases/initial_release/app/views", "/var/www/home/hosting_maxstbn/.gem/ruby/1.8/gems/devise-1.3.3/app/views", "/var/www/home/hosting_maxstbn/.gem/ruby/1.8/gems/ckeditor-3.5.0/app/views"):
  app/controllers/bookings_controller.rb:17:in `create'



Started POST "/booking" for 109.194.129.39 at Пнд Июл 11 15:05:12 +0400 2011
  Processing by BookingsController#create as HTML
  Parameters: {"commit"=>"Забронировать", "controllers"=>:bookings, "authenticity_token"=>"aCHUrCQ+3BLP9A8H/AWIb7RaEXyHFNme65/BTSjXV5k=", "utf8"=>"✓", "booking"=>{"name"=>"Максим", "time"=>"8:00", "table"=>"1", "date"=>"20 сентября", "phone"=>"968956", "surname"=>"Столбухин", "patronymic"=>"Анатольевич"}}
Rendered booking_mailer/booking_confirmation.haml (0.3ms)

Sent mail to maxstbn@gmail.com (301ms)
Redirected to http://restaurant.maxstbn.locum.ru/booking
Completed 302 Found in 312ms


Started GET "/booking" for 109.194.129.39 at Пнд Июл 11 15:05:13 +0400 2011
  Processing by BookingsController#index as HTML
  Parameters: {"controllers"=>:bookings}
Rendered shared/_menu.haml (0.1ms)
Rendered bookings/index.haml within layouts/application_b (5.3ms)
Completed 200 OK in 7ms (Views: 5.8ms | ActiveRecord: 0.6ms)


Started GET "/shashlyk" for 109.194.129.39 at Пнд Июл 11 15:05:34 +0400 2011
  Processing by PagesController#shashlyk as HTML
Rendered pages/_cont.haml (0.1ms)
Rendered shared/_shashlyk.haml (0.1ms)
Rendered shared/_menu.haml (0.1ms)
Rendered shared/_slider.haml (2.1ms)
Rendered pages/shashlyk.haml within layouts/application_s (4.5ms)
Completed 200 OK in 6ms (Views: 4.8ms | ActiveRecord: 0.3ms)


Started GET "/shashlyk/menu" for 109.194.129.39 at Пнд Июл 11 15:05:36 +0400 2011
  Processing by MenusController#shashlyk_menu as HTML
Rendered menus/_menu.erb (36.6ms)
Rendered shared/_menu.haml (0.1ms)
Rendered menus/shashlyk_menu.haml within layouts/application_m (197.0ms)
Completed 200 OK in 204ms (Views: 200.5ms | ActiveRecord: 0.4ms)


Started GET "/shashlyk/menu" for 109.194.129.39 at Пнд Июл 11 15:10:07 +0400 2011
  Processing by MenusController#shashlyk_menu as HTML
Rendered menus/_menu.erb (5.6ms)
Rendered shared/_menu.haml (0.1ms)
Rendered menus/shashlyk_menu.haml within layouts/application_m (7.4ms)
Completed 200 OK in 9ms (Views: 7.9ms | ActiveRecord: 0.3ms)


Started GET "/menu/category/6" for 109.194.129.39 at Пнд Июл 11 15:10:17 +0400 2011
  Processing by MenuCategoriesController#show as HTML
  Parameters: {"id"=>"6"}
Rendered menus/_menu.erb (2.5ms)
Rendered shared/_menu.haml (0.1ms)
Rendered menu_categories/show.erb within layouts/application_m (6.0ms)
Completed 200 OK in 19ms (Views: 14.8ms | ActiveRecord: 0.6ms)


Started GET "/menu/category/5" for 109.194.129.39 at Пнд Июл 11 15:10:19 +0400 2011
  Processing by MenuCategoriesController#show as HTML
  Parameters: {"id"=>"5"}
Rendered menus/_menu.erb (73.2ms)
Rendered shared/_menu.haml (0.1ms)
Rendered menu_categories/show.erb within layouts/application_m (75.2ms)
Completed 200 OK in 77ms (Views: 74.4ms | ActiveRecord: 1.5ms)


Started GET "/restaurant/menu" for 109.194.129.39 at Пнд Июл 11 15:10:22 +0400 2011
  Processing by MenusController#restaurant_menu as HTML
Rendered menus/_menu.erb (10.7ms)
Rendered shared/_menu.haml (0.1ms)
Rendered menus/restaurant_menu.haml within layouts/application_m (13.4ms)
Completed 200 OK in 34ms (Views: 32.2ms | ActiveRecord: 0.4ms)


Started GET "/" for 109.194.129.39 at Пнд Июл 11 15:10:23 +0400 2011
  Processing by PagesController#home as HTML
Rendered pages/_cont.haml (0.1ms)
Rendered shared/_menu.haml (0.1ms)
Rendered shared/_slider.haml (2.8ms)
Rendered pages/home.haml within layouts/application_h (13.2ms)
Completed 200 OK in 29ms (Views: 19.3ms | ActiveRecord: 8.8ms)


Started GET "/restaurant" for 109.194.129.39 at Пнд Июл 11 15:10:31 +0400 2011
  Processing by PagesController#restaurant as HTML
Rendered pages/_cont.haml (0.1ms)
Rendered shared/_restaurant.haml (5.0ms)
Rendered shared/_menu.haml (0.1ms)
Rendered shared/_slider.haml (2.2ms)
Rendered pages/restaurant.haml within layouts/application_r (63.6ms)
Completed 200 OK in 77ms (Views: 75.2ms | ActiveRecord: 0.4ms)


Started GET "/restaurant/menu" for 109.194.129.39 at Пнд Июл 11 15:10:34 +0400 2011
  Processing by MenusController#restaurant_menu as HTML
Rendered menus/_menu.erb (14.7ms)
Rendered shared/_menu.haml (0.1ms)
Rendered menus/restaurant_menu.haml within layouts/application_m (16.8ms)
Completed 200 OK in 19ms (Views: 17.4ms | ActiveRecord: 0.5ms)


Started POST "/cart_items" for 109.194.129.39 at Пнд Июл 11 15:10:36 +0400 2011
  Processing by CartItemsController#create as HTML
  Parameters: {"commit"=>"В корзину", "authenticity_token"=>"aCHUrCQ+3BLP9A8H/AWIb7RaEXyHFNme65/BTSjXV5k=", "utf8"=>"✓", "cart_item"=>{"menu_id"=>"3"}}
Redirected to http://restaurant.maxstbn.locum.ru/restaurant/menu
Completed 302 Found in 19ms


Started GET "/restaurant/menu" for 109.194.129.39 at Пнд Июл 11 15:10:36 +0400 2011
  Processing by MenusController#restaurant_menu as HTML
Rendered menus/_menu.erb (9.9ms)
Rendered shared/_menu.haml (0.1ms)
Rendered menus/restaurant_menu.haml within layouts/application_m (11.9ms)
Completed 200 OK in 14ms (Views: 12.3ms | ActiveRecord: 1.0ms)


Started POST "/cart_items" for 109.194.129.39 at Пнд Июл 11 15:10:38 +0400 2011
  Processing by CartItemsController#create as HTML
  Parameters: {"commit"=>"В корзину", "authenticity_token"=>"aCHUrCQ+3BLP9A8H/AWIb7RaEXyHFNme65/BTSjXV5k=", "utf8"=>"✓", "cart_item"=>{"menu_id"=>"11"}}
Redirected to http://restaurant.maxstbn.locum.ru/restaurant/menu
Completed 302 Found in 21ms


Started GET "/restaurant/menu" for 109.194.129.39 at Пнд Июл 11 15:10:38 +0400 2011
  Processing by MenusController#restaurant_menu as HTML
Rendered menus/_menu.erb (9.8ms)
Rendered shared/_menu.haml (0.1ms)
Rendered menus/restaurant_menu.haml within layouts/application_m (11.7ms)
Completed 200 OK in 13ms (Views: 12.2ms | ActiveRecord: 0.9ms)


Started POST "/cart_items" for 109.194.129.39 at Пнд Июл 11 15:10:40 +0400 2011
  Processing by CartItemsController#create as HTML
  Parameters: {"commit"=>"В корзину", "authenticity_token"=>"aCHUrCQ+3BLP9A8H/AWIb7RaEXyHFNme65/BTSjXV5k=", "utf8"=>"✓", "cart_item"=>{"menu_id"=>"2"}}
Redirected to http://restaurant.maxstbn.locum.ru/restaurant/menu
Completed 302 Found in 53ms


Started GET "/restaurant/menu" for 109.194.129.39 at Пнд Июл 11 15:10:40 +0400 2011
  Processing by MenusController#restaurant_menu as HTML
Rendered menus/_menu.erb (11.2ms)
Rendered shared/_menu.haml (0.1ms)
Rendered menus/restaurant_menu.haml within layouts/application_m (13.2ms)
Completed 200 OK in 15ms (Views: 13.7ms | ActiveRecord: 5.9ms)


Started POST "/cart_items" for 109.194.129.39 at Пнд Июл 11 15:10:42 +0400 2011
  Processing by CartItemsController#create as HTML
  Parameters: {"commit"=>"В корзину", "authenticity_token"=>"aCHUrCQ+3BLP9A8H/AWIb7RaEXyHFNme65/BTSjXV5k=", "utf8"=>"✓", "cart_item"=>{"menu_id"=>"21"}}
Redirected to http://restaurant.maxstbn.locum.ru/restaurant/menu
Completed 302 Found in 16ms


Started GET "/restaurant/menu" for 109.194.129.39 at Пнд Июл 11 15:10:42 +0400 2011
  Processing by MenusController#restaurant_menu as HTML
Rendered menus/_menu.erb (10.5ms)
Rendered shared/_menu.haml (0.1ms)
Rendered menus/restaurant_menu.haml within layouts/application_m (12.5ms)
Completed 200 OK in 14ms (Views: 13.0ms | ActiveRecord: 1.0ms)


Started POST "/cart_items" for 109.194.129.39 at Пнд Июл 11 15:10:43 +0400 2011
  Processing by CartItemsController#create as HTML
  Parameters: {"commit"=>"В корзину", "authenticity_token"=>"aCHUrCQ+3BLP9A8H/AWIb7RaEXyHFNme65/BTSjXV5k=", "utf8"=>"✓", "cart_item"=>{"menu_id"=>"2"}}
Redirected to http://restaurant.maxstbn.locum.ru/restaurant/menu
Completed 302 Found in 56ms


Started GET "/restaurant/menu" for 109.194.129.39 at Пнд Июл 11 15:10:44 +0400 2011
  Processing by MenusController#restaurant_menu as HTML
Rendered menus/_menu.erb (9.9ms)
Rendered shared/_menu.haml (0.1ms)
Rendered menus/restaurant_menu.haml within layouts/application_m (11.9ms)
Completed 200 OK in 14ms (Views: 12.4ms | ActiveRecord: 1.3ms)


Started GET "/restaurant" for 109.194.129.39 at Пнд Июл 11 15:10:45 +0400 2011
  Processing by PagesController#restaurant as HTML
Rendered pages/_cont.haml (0.1ms)
Rendered shared/_restaurant.haml (0.1ms)
Rendered shared/_menu.haml (0.1ms)
Rendered shared/_slider.haml (1.8ms)
Rendered pages/restaurant.haml within layouts/application_r (4.0ms)
Completed 200 OK in 5ms (Views: 4.4ms | ActiveRecord: 0.3ms)


Started GET "/cart" for 109.194.129.39 at Пнд Июл 11 15:10:47 +0400 2011
  Processing by CartsController#show as HTML
Rendered shared/_menu.haml (0.1ms)
Rendered carts/show.erb within layouts/application_m (8.6ms)
Completed 200 OK in 17ms (Views: 15.4ms | ActiveRecord: 0.9ms)


Started GET "/cart_items/64" for 109.194.129.39 at Пнд Июл 11 15:10:54 +0400 2011
  Processing by CartItemsController#show as HTML
  Parameters: {"id"=>"64"}
Redirected to http://restaurant.maxstbn.locum.ru/cart
Completed 302 Found in 27ms


Started GET "/cart" for 109.194.129.39 at Пнд Июл 11 15:10:54 +0400 2011
  Processing by CartsController#show as HTML
Rendered shared/_menu.haml (0.1ms)
Rendered carts/show.erb within layouts/application_m (6.0ms)
Completed 200 OK in 7ms (Views: 5.9ms | ActiveRecord: 1.0ms)


Started GET "/restaurant" for 109.194.129.39 at Пнд Июл 11 15:10:56 +0400 2011
  Processing by PagesController#restaurant as HTML
Rendered pages/_cont.haml (0.2ms)
Rendered shared/_restaurant.haml (0.1ms)
Rendered shared/_menu.haml (0.1ms)
Rendered shared/_slider.haml (3.2ms)
Rendered pages/restaurant.haml within layouts/application_r (6.8ms)
Completed 200 OK in 9ms (Views: 7.3ms | ActiveRecord: 0.5ms)


Started GET "/booking" for 109.194.129.39 at Пнд Июл 11 15:10:58 +0400 2011
  Processing by BookingsController#index as HTML
  Parameters: {"controllers"=>:bookings}
Rendered shared/_menu.haml (0.1ms)
Rendered bookings/index.haml within layouts/application_b (5.0ms)
Completed 200 OK in 7ms (Views: 5.5ms | ActiveRecord: 0.4ms)


Started GET "/restaurant" for 109.194.129.39 at Пнд Июл 11 15:11:06 +0400 2011
  Processing by PagesController#restaurant as HTML
Rendered pages/_cont.haml (0.1ms)
Rendered shared/_restaurant.haml (0.1ms)
Rendered shared/_menu.haml (0.1ms)
Rendered shared/_slider.haml (2.6ms)
Rendered pages/restaurant.haml within layouts/application_r (5.1ms)
Completed 200 OK in 7ms (Views: 5.4ms | ActiveRecord: 0.4ms)


Started GET "/flowers" for 109.194.129.39 at Пнд Июл 11 15:11:09 +0400 2011
  Processing by MenusController#flowers as HTML
Rendered shared/_menu.haml (0.1ms)
Rendered menus/flowers.erb within layouts/application_m (12.7ms)
Completed 200 OK in 43ms (Views: 41.6ms | ActiveRecord: 0.4ms)


Started POST "/cart_items" for 109.194.129.39 at Пнд Июл 11 15:11:14 +0400 2011
  Processing by CartItemsController#create as HTML
  Parameters: {"commit"=>"В корзину", "authenticity_token"=>"aCHUrCQ+3BLP9A8H/AWIb7RaEXyHFNme65/BTSjXV5k=", "utf8"=>"✓", "cart_item"=>{"menu_id"=>"17"}}
Redirected to http://restaurant.maxstbn.locum.ru/flowers
Completed 302 Found in 7ms


Started GET "/flowers" for 109.194.129.39 at Пнд Июл 11 15:11:14 +0400 2011
  Processing by MenusController#flowers as HTML
Rendered shared/_menu.haml (0.1ms)
Rendered menus/flowers.erb within layouts/application_m (11.9ms)
Completed 200 OK in 14ms (Views: 12.3ms | ActiveRecord: 0.9ms)


Started GET "/tour" for 109.194.129.39 at Пнд Июл 11 15:11:17 +0400 2011
  Processing by PagesController#tour as HTML
Rendered shared/_menu.haml (0.1ms)
Rendered pages/tour.haml within layouts/application_t (53.1ms)
Completed 200 OK in 69ms (Views: 67.9ms | ActiveRecord: 0.2ms)


Started GET "/contacts" for 109.194.129.39 at Пнд Июл 11 15:11:21 +0400 2011
  Processing by PagesController#contacts as HTML
Rendered shared/_menu.haml (0.1ms)
Rendered pages/contacts.haml within layouts/application_с (11.0ms)
Completed 200 OK in 34ms (Views: 32.6ms | ActiveRecord: 0.2ms)


Started GET "/feedbacks" for 109.194.129.39 at Пнд Июл 11 15:11:26 +0400 2011
  Processing by FeedbacksController#index as HTML
Rendered shared/_menu.haml (0.1ms)
Rendered feedbacks/index.haml within layouts/application_f (16.4ms)
Completed 200 OK in 53ms (Views: 50.4ms | ActiveRecord: 0.4ms)


Started POST "/feedbacks" for 109.194.129.39 at Пнд Июл 11 15:11:34 +0400 2011
  Processing by FeedbacksController#create as HTML
  Parameters: {"commit"=>"Отправить", "authenticity_token"=>"aCHUrCQ+3BLP9A8H/AWIb7RaEXyHFNme65/BTSjXV5k=", "utf8"=>"✓", "feedback"=>{"desc"=>"Также можно использовать хелпер error_messages_for для отображения сообщений об ошибке от переданной в шаблон вьюхи модели. Это очень похоже на предыдущий пример и приведет к абсолютно тому же результату. Также можно использовать хелпер error_messages_for для отображения сообщений об ошибке от переданной в шаблон вьюхи модели. Это очень похоже на предыдущий пример и приведет к абсолютно тому же", "user"=>"Эта глава"}}
Redirected to http://restaurant.maxstbn.locum.ru/feedbacks
Completed 302 Found in 7ms


Started GET "/feedbacks" for 109.194.129.39 at Пнд Июл 11 15:11:34 +0400 2011
  Processing by FeedbacksController#index as HTML
Rendered shared/_menu.haml (0.1ms)
Rendered feedbacks/index.haml within layouts/application_f (4.0ms)
Completed 200 OK in 6ms (Views: 4.4ms | ActiveRecord: 0.9ms)


Started GET "/" for 109.194.129.39 at Пнд Июл 11 15:11:40 +0400 2011
  Processing by PagesController#home as HTML
Rendered pages/_cont.haml (0.1ms)
Rendered shared/_menu.haml (0.1ms)
Rendered shared/_slider.haml (2.7ms)
Rendered pages/home.haml within layouts/application_h (4.8ms)
Completed 200 OK in 6ms (Views: 5.1ms | ActiveRecord: 0.3ms)


Started GET "/" for 109.194.129.39 at Пнд Июл 11 15:11:41 +0400 2011
  Processing by PagesController#home as HTML
Rendered pages/_cont.haml (0.1ms)
Rendered shared/_menu.haml (0.1ms)
Rendered shared/_slider.haml (3.0ms)
Rendered pages/home.haml within layouts/application_h (5.3ms)
Completed 200 OK in 7ms (Views: 5.6ms | ActiveRecord: 0.4ms)


Started GET "/restaurant" for 109.194.129.39 at Пнд Июл 11 15:11:43 +0400 2011
  Processing by PagesController#restaurant as HTML
Rendered pages/_cont.haml (0.1ms)
Rendered shared/_restaurant.haml (0.1ms)
Rendered shared/_menu.haml (0.1ms)
Rendered shared/_slider.haml (2.0ms)
Rendered pages/restaurant.haml within layouts/application_r (4.2ms)
Completed 200 OK in 6ms (Views: 4.5ms | ActiveRecord: 0.3ms)


Started GET "/shashlyk" for 109.194.129.39 at Пнд Июл 11 15:11:44 +0400 2011
  Processing by PagesController#shashlyk as HTML
Rendered pages/_cont.haml (0.1ms)
Rendered shared/_shashlyk.haml (0.1ms)
Rendered shared/_menu.haml (0.1ms)
Rendered shared/_slider.haml (50.5ms)
Rendered pages/shashlyk.haml within layouts/application_s (52.8ms)
Completed 200 OK in 54ms (Views: 53.1ms | ActiveRecord: 0.4ms)


Started GET "/tour" for 109.194.129.39 at Пнд Июл 11 15:11:46 +0400 2011
  Processing by PagesController#tour as HTML
Rendered shared/_menu.haml (0.1ms)
Rendered pages/tour.haml within layouts/application_t (1.9ms)
Completed 200 OK in 3ms (Views: 2.4ms | ActiveRecord: 0.2ms)


Started GET "/contacts" for 109.194.129.39 at Пнд Июл 11 15:11:47 +0400 2011
  Processing by PagesController#contacts as HTML
Rendered shared/_menu.haml (0.1ms)
Rendered pages/contacts.haml within layouts/application_с (1.9ms)
Completed 200 OK in 3ms (Views: 2.5ms | ActiveRecord: 0.2ms)


Started GET "/" for 109.194.129.39 at Пнд Июл 11 15:35:16 +0400 2011
  Processing by PagesController#home as HTML
Rendered pages/_cont.haml (0.1ms)
Rendered shared/_menu.haml (0.1ms)
Rendered shared/_slider.haml (3.5ms)
Rendered pages/home.haml within layouts/application_h (5.9ms)
Completed 200 OK in 8ms (Views: 6.2ms | ActiveRecord: 0.4ms)


Started GET "/admin" for 109.194.129.39 at Пнд Июл 11 15:35:22 +0400 2011
  Processing by Admin::BookingsController#index as HTML
Completed   in 0ms


Started GET "/admin/sign_in" for 109.194.129.39 at Пнд Июл 11 15:35:22 +0400 2011
  Processing by Admin::SessionsController#new as HTML
Rendered admin/sessions/new.haml within layouts/application (6.8ms)
Completed 200 OK in 94ms (Views: 86.5ms | ActiveRecord: 0.0ms)


Started GET "/admin/sign_in" for 109.194.129.39 at Пнд Июл 11 15:35:26 +0400 2011
  Processing by Admin::SessionsController#new as HTML
Rendered admin/sessions/new.haml within layouts/application (3.0ms)
Completed 200 OK in 4ms (Views: 3.5ms | ActiveRecord: 0.0ms)


Started POST "/admin/sign_in" for 109.194.129.39 at Пнд Июл 11 15:35:35 +0400 2011
  Processing by Admin::SessionsController#create as HTML
  Parameters: {"commit"=>"Войти", "authenticity_token"=>"aCHUrCQ+3BLP9A8H/AWIb7RaEXyHFNme65/BTSjXV5k=", "utf8"=>"✓", "user"=>{"remember_me"=>"0", "password"=>"[FILTERED]", "email"=>"maxstbn@gmail.com"}}
Redirected to http://restaurant.maxstbn.locum.ru/admin
Completed 302 Found in 130ms


Started GET "/admin" for 109.194.129.39 at Пнд Июл 11 15:35:35 +0400 2011
  Processing by Admin::BookingsController#index as HTML
Rendered admin/bookings/index.haml within layouts/application (13.5ms)
Completed 200 OK in 20ms (Views: 17.9ms | ActiveRecord: 0.6ms)


Started GET "/admin" for 109.194.129.39 at Пнд Июл 11 15:35:44 +0400 2011
  Processing by Admin::BookingsController#index as HTML
Rendered admin/bookings/index.haml within layouts/application (4.4ms)
Completed 200 OK in 7ms (Views: 4.9ms | ActiveRecord: 0.5ms)


Started POST "/admin/13" for 109.194.129.39 at Пнд Июл 11 15:36:07 +0400 2011
  Processing by Admin::BookingsController#destroy as HTML
  Parameters: {"authenticity_token"=>"aCHUrCQ+3BLP9A8H/AWIb7RaEXyHFNme65/BTSjXV5k=", "id"=>"13"}
Redirected to http://restaurant.maxstbn.locum.ru/admin
Completed 302 Found in 4ms


Started GET "/admin" for 109.194.129.39 at Пнд Июл 11 15:36:07 +0400 2011
  Processing by Admin::BookingsController#index as HTML
Rendered admin/bookings/index.haml within layouts/application (3.9ms)
Completed 200 OK in 6ms (Views: 4.3ms | ActiveRecord: 1.0ms)


Started POST "/admin/12" for 109.194.129.39 at Пнд Июл 11 15:36:09 +0400 2011
  Processing by Admin::BookingsController#destroy as HTML
  Parameters: {"authenticity_token"=>"aCHUrCQ+3BLP9A8H/AWIb7RaEXyHFNme65/BTSjXV5k=", "id"=>"12"}
Redirected to http://restaurant.maxstbn.locum.ru/admin
Completed 302 Found in 15ms


Started GET "/admin" for 109.194.129.39 at Пнд Июл 11 15:36:09 +0400 2011
  Processing by Admin::BookingsController#index as HTML
Rendered admin/bookings/index.haml within layouts/application (71.3ms)
Completed 200 OK in 74ms (Views: 71.9ms | ActiveRecord: 1.0ms)


Started POST "/admin/9" for 109.194.129.39 at Пнд Июл 11 15:36:12 +0400 2011
  Processing by Admin::BookingsController#destroy as HTML
  Parameters: {"authenticity_token"=>"aCHUrCQ+3BLP9A8H/AWIb7RaEXyHFNme65/BTSjXV5k=", "id"=>"9"}
Redirected to http://restaurant.maxstbn.locum.ru/admin
Completed 302 Found in 105ms


Started GET "/admin" for 109.194.129.39 at Пнд Июл 11 15:36:12 +0400 2011
  Processing by Admin::BookingsController#index as HTML
Rendered admin/bookings/index.haml within layouts/application (3.9ms)
Completed 200 OK in 7ms (Views: 4.7ms | ActiveRecord: 1.1ms)


Started POST "/admin/8" for 109.194.129.39 at Пнд Июл 11 15:36:34 +0400 2011
  Processing by Admin::BookingsController#destroy as HTML
  Parameters: {"authenticity_token"=>"aCHUrCQ+3BLP9A8H/AWIb7RaEXyHFNme65/BTSjXV5k=", "id"=>"8"}
Redirected to http://restaurant.maxstbn.locum.ru/admin
Completed 302 Found in 109ms


Started GET "/admin" for 109.194.129.39 at Пнд Июл 11 15:36:35 +0400 2011
  Processing by Admin::BookingsController#index as HTML
Rendered admin/bookings/index.haml within layouts/application (3.4ms)
Completed 200 OK in 6ms (Views: 4.0ms | ActiveRecord: 1.1ms)


Started POST "/admin/7" for 109.194.129.39 at Пнд Июл 11 15:36:37 +0400 2011
  Processing by Admin::BookingsController#destroy as HTML
  Parameters: {"authenticity_token"=>"aCHUrCQ+3BLP9A8H/AWIb7RaEXyHFNme65/BTSjXV5k=", "id"=>"7"}
Redirected to http://restaurant.maxstbn.locum.ru/admin
Completed 302 Found in 6ms


Started GET "/admin" for 109.194.129.39 at Пнд Июл 11 15:36:38 +0400 2011
  Processing by Admin::BookingsController#index as HTML
Rendered admin/bookings/index.haml within layouts/application (4.6ms)
Completed 200 OK in 9ms (Views: 5.7ms | ActiveRecord: 1.4ms)


Started GET "/admin" for 109.194.129.39 at Пнд Июл 11 15:36:45 +0400 2011
  Processing by Admin::BookingsController#index as HTML
Rendered admin/bookings/index.haml within layouts/application (3.7ms)
Completed 200 OK in 9ms (Views: 4.6ms | ActiveRecord: 1.5ms)


Started GET "/admin/shashlyk_menu" for 109.194.129.39 at Пнд Июл 11 15:37:46 +0400 2011
  Processing by Admin::MenusController#shashlyk_menu as HTML
Rendered admin/menus/shashlyk_menu.haml within layouts/application (26.6ms)
Completed 200 OK in 65ms (Views: 62.8ms | ActiveRecord: 0.7ms)


Started GET "/admin" for 109.194.129.39 at Пнд Июл 11 15:37:53 +0400 2011
  Processing by Admin::BookingsController#index as HTML
Rendered admin/bookings/index.haml within layouts/application (2.5ms)
Completed 200 OK in 5ms (Views: 3.0ms | ActiveRecord: 0.5ms)


Started GET "/" for 109.194.129.39 at Пнд Июл 11 15:38:04 +0400 2011
  Processing by PagesController#home as HTML
Rendered pages/_cont.haml (0.2ms)
Rendered shared/_menu.haml (0.1ms)
Rendered shared/_slider.haml (3.1ms)
Rendered pages/home.haml within layouts/application_h (5.4ms)
Completed 200 OK in 7ms (Views: 5.8ms | ActiveRecord: 0.4ms)


Started GET "/shashlyk" for 109.194.129.39 at Пнд Июл 11 15:38:06 +0400 2011
  Processing by PagesController#shashlyk as HTML
Rendered pages/_cont.haml (0.1ms)
Rendered shared/_shashlyk.haml (0.1ms)
Rendered shared/_menu.haml (0.1ms)
Rendered shared/_slider.haml (2.1ms)
Rendered pages/shashlyk.haml within layouts/application_s (4.6ms)
Completed 200 OK in 6ms (Views: 5.0ms | ActiveRecord: 0.4ms)


Started GET "/restaurant" for 109.194.129.39 at Пнд Июл 11 15:38:07 +0400 2011
  Processing by PagesController#restaurant as HTML
Rendered pages/_cont.haml (0.1ms)
Rendered shared/_restaurant.haml (0.1ms)
Rendered shared/_menu.haml (0.1ms)
Rendered shared/_slider.haml (2.0ms)
Rendered pages/restaurant.haml within layouts/application_r (4.5ms)
Completed 200 OK in 6ms (Views: 4.9ms | ActiveRecord: 0.4ms)


Started GET "/tour" for 109.194.129.39 at Пнд Июл 11 15:38:07 +0400 2011
  Processing by PagesController#tour as HTML
Rendered shared/_menu.haml (0.1ms)
Rendered pages/tour.haml within layouts/application_t (1.9ms)
Completed 200 OK in 4ms (Views: 2.5ms | ActiveRecord: 0.2ms)


Started GET "/contacts" for 109.194.129.39 at Пнд Июл 11 15:38:08 +0400 2011
  Processing by PagesController#contacts as HTML
Rendered shared/_menu.haml (0.1ms)
Rendered pages/contacts.haml within layouts/application_с (1.9ms)
Completed 200 OK in 4ms (Views: 2.4ms | ActiveRecord: 0.2ms)


Started GET "/feedbacks" for 109.194.129.39 at Пнд Июл 11 15:38:09 +0400 2011
  Processing by FeedbacksController#index as HTML
Rendered shared/_menu.haml (0.1ms)
Rendered feedbacks/index.haml within layouts/application_f (4.0ms)
Completed 200 OK in 6ms (Views: 4.5ms | ActiveRecord: 0.4ms)


Started GET "/tour" for 109.194.129.39 at Пнд Июл 11 15:38:10 +0400 2011
  Processing by PagesController#tour as HTML
Rendered shared/_menu.haml (0.1ms)
Rendered pages/tour.haml within layouts/application_t (1.8ms)
Completed 200 OK in 3ms (Views: 2.3ms | ActiveRecord: 0.2ms)


Started GET "/shashlyk" for 109.194.129.39 at Пнд Июл 11 15:38:10 +0400 2011
  Processing by PagesController#shashlyk as HTML
Rendered pages/_cont.haml (0.1ms)
Rendered shared/_shashlyk.haml (0.1ms)
Rendered shared/_menu.haml (0.1ms)
Rendered shared/_slider.haml (2.4ms)
Rendered pages/shashlyk.haml within layouts/application_s (57.0ms)
Completed 200 OK in 59ms (Views: 57.3ms | ActiveRecord: 0.4ms)


Started GET "/restaurant" for 109.194.129.39 at Пнд Июл 11 15:38:12 +0400 2011
  Processing by PagesController#restaurant as HTML
Rendered pages/_cont.haml (0.2ms)
Rendered shared/_restaurant.haml (0.1ms)
Rendered shared/_menu.haml (0.1ms)
Rendered shared/_slider.haml (2.6ms)
Rendered pages/restaurant.haml within layouts/application_r (5.5ms)
Completed 200 OK in 8ms (Views: 6.0ms | ActiveRecord: 0.4ms)


Started GET "/" for 109.194.129.39 at Пнд Июл 11 15:38:13 +0400 2011
  Processing by PagesController#home as HTML
Rendered pages/_cont.haml (0.3ms)
Rendered shared/_menu.haml (0.2ms)
Rendered shared/_slider.haml (5.8ms)
Rendered pages/home.haml within layouts/application_h (10.1ms)
Completed 200 OK in 13ms (Views: 10.6ms | ActiveRecord: 0.7ms)


Started GET "/" for 109.194.129.39 at Срд Июл 13 11:54:49 +0400 2011
  Processing by PagesController#home as HTML
Rendered pages/_cont.haml (0.1ms)
Rendered shared/_menu.haml (0.1ms)
Rendered shared/_slider.haml (2.8ms)
Rendered pages/home.haml within layouts/application_h (5.2ms)
Completed 200 OK in 7ms (Views: 5.6ms | ActiveRecord: 0.4ms)


Started GET "/stylesheets/application.css" for 109.194.129.39 at Срд Июл 13 11:54:50 +0400 2011

ActionController::RoutingError (No route matches "/stylesheets/application.css"):
  



Started GET "/javascripts/audio.js" for 109.194.129.39 at Срд Июл 13 11:54:50 +0400 2011

ActionController::RoutingError (No route matches "/javascripts/audio.js"):
  



Started GET "/uploads/image/image/48/pic_head_bnn_rest.jpg" for 109.194.129.39 at Срд Июл 13 11:54:50 +0400 2011

ActionController::RoutingError (No route matches "/uploads/image/image/48/pic_head_bnn_rest.jpg"):
  



Started GET "/uploads/image/image/49/pic_head_bnn_shash.jpg" for 109.194.129.39 at Срд Июл 13 11:54:50 +0400 2011

ActionController::RoutingError (No route matches "/uploads/image/image/49/pic_head_bnn_shash.jpg"):
  



Started GET "/javascripts/audio.js" for 109.194.129.39 at Срд Июл 13 11:54:50 +0400 2011

ActionController::RoutingError (No route matches "/javascripts/audio.js"):
  



Started GET "/uploads/image/image/48/pic_head_bnn_rest.jpg" for 109.194.129.39 at Срд Июл 13 11:54:50 +0400 2011

ActionController::RoutingError (No route matches "/uploads/image/image/48/pic_head_bnn_rest.jpg"):
  



Started GET "/uploads/image/image/49/pic_head_bnn_shash.jpg" for 109.194.129.39 at Срд Июл 13 11:54:50 +0400 2011

ActionController::RoutingError (No route matches "/uploads/image/image/49/pic_head_bnn_shash.jpg"):
  



Started GET "/" for 109.194.129.39 at Срд Июл 13 11:54:51 +0400 2011
  Processing by PagesController#home as HTML
Rendered pages/_cont.haml (0.1ms)
Rendered shared/_menu.haml (0.1ms)
Rendered shared/_slider.haml (2.8ms)
Rendered pages/home.haml within layouts/application_h (5.1ms)
Completed 200 OK in 7ms (Views: 5.5ms | ActiveRecord: 0.4ms)


Started GET "/stylesheets/application.css" for 109.194.129.39 at Срд Июл 13 11:54:51 +0400 2011

ActionController::RoutingError (No route matches "/stylesheets/application.css"):
  



Started GET "/javascripts/audio.js" for 109.194.129.39 at Срд Июл 13 11:54:51 +0400 2011

ActionController::RoutingError (No route matches "/javascripts/audio.js"):
  



Started GET "/uploads/image/image/48/pic_head_bnn_rest.jpg" for 109.194.129.39 at Срд Июл 13 11:54:52 +0400 2011

ActionController::RoutingError (No route matches "/uploads/image/image/48/pic_head_bnn_rest.jpg"):
  



Started GET "/uploads/image/image/49/pic_head_bnn_shash.jpg" for 109.194.129.39 at Срд Июл 13 11:54:52 +0400 2011

ActionController::RoutingError (No route matches "/uploads/image/image/49/pic_head_bnn_shash.jpg"):
  



Started GET "/javascripts/audio.js" for 109.194.129.39 at Срд Июл 13 11:54:52 +0400 2011

ActionController::RoutingError (No route matches "/javascripts/audio.js"):
  



Started GET "/uploads/image/image/48/pic_head_bnn_rest.jpg" for 109.194.129.39 at Срд Июл 13 11:54:52 +0400 2011

ActionController::RoutingError (No route matches "/uploads/image/image/48/pic_head_bnn_rest.jpg"):
  



Started GET "/uploads/image/image/49/pic_head_bnn_shash.jpg" for 109.194.129.39 at Срд Июл 13 11:54:52 +0400 2011

ActionController::RoutingError (No route matches "/uploads/image/image/49/pic_head_bnn_shash.jpg"):
  



Started GET "/" for 109.194.129.39 at Срд Июл 13 11:54:53 +0400 2011
  Processing by PagesController#home as HTML
Rendered pages/_cont.haml (0.1ms)
Rendered shared/_menu.haml (0.1ms)
Rendered shared/_slider.haml (2.7ms)
Rendered pages/home.haml within layouts/application_h (5.0ms)
Completed 200 OK in 6ms (Views: 5.3ms | ActiveRecord: 0.4ms)


Started GET "/stylesheets/application.css" for 109.194.129.39 at Срд Июл 13 11:54:53 +0400 2011

ActionController::RoutingError (No route matches "/stylesheets/application.css"):
  



Started GET "/javascripts/audio.js" for 109.194.129.39 at Срд Июл 13 11:54:53 +0400 2011

ActionController::RoutingError (No route matches "/javascripts/audio.js"):
  



Started GET "/uploads/image/image/48/pic_head_bnn_rest.jpg" for 109.194.129.39 at Срд Июл 13 11:54:53 +0400 2011

ActionController::RoutingError (No route matches "/uploads/image/image/48/pic_head_bnn_rest.jpg"):
  



Started GET "/uploads/image/image/49/pic_head_bnn_shash.jpg" for 109.194.129.39 at Срд Июл 13 11:54:53 +0400 2011

ActionController::RoutingError (No route matches "/uploads/image/image/49/pic_head_bnn_shash.jpg"):
  



Started GET "/javascripts/audio.js" for 109.194.129.39 at Срд Июл 13 11:54:53 +0400 2011

ActionController::RoutingError (No route matches "/javascripts/audio.js"):
  



Started GET "/uploads/image/image/48/pic_head_bnn_rest.jpg" for 109.194.129.39 at Срд Июл 13 11:54:53 +0400 2011

ActionController::RoutingError (No route matches "/uploads/image/image/48/pic_head_bnn_rest.jpg"):
  



Started GET "/uploads/image/image/49/pic_head_bnn_shash.jpg" for 109.194.129.39 at Срд Июл 13 11:54:53 +0400 2011

ActionController::RoutingError (No route matches "/uploads/image/image/49/pic_head_bnn_shash.jpg"):
  



Started GET "/" for 109.194.129.39 at Срд Июл 13 11:54:54 +0400 2011
  Processing by PagesController#home as HTML
Rendered pages/_cont.haml (0.1ms)
Rendered shared/_menu.haml (0.1ms)
Rendered shared/_slider.haml (2.8ms)
Rendered pages/home.haml within layouts/application_h (5.0ms)
Completed 200 OK in 7ms (Views: 5.3ms | ActiveRecord: 0.4ms)


Started GET "/stylesheets/application.css" for 109.194.129.39 at Срд Июл 13 11:54:54 +0400 2011

ActionController::RoutingError (No route matches "/stylesheets/application.css"):
  



Started GET "/javascripts/audio.js" for 109.194.129.39 at Срд Июл 13 11:54:54 +0400 2011

ActionController::RoutingError (No route matches "/javascripts/audio.js"):
  



Started GET "/uploads/image/image/48/pic_head_bnn_rest.jpg" for 109.194.129.39 at Срд Июл 13 11:54:54 +0400 2011

ActionController::RoutingError (No route matches "/uploads/image/image/48/pic_head_bnn_rest.jpg"):
  



Started GET "/uploads/image/image/49/pic_head_bnn_shash.jpg" for 109.194.129.39 at Срд Июл 13 11:54:54 +0400 2011

ActionController::RoutingError (No route matches "/uploads/image/image/49/pic_head_bnn_shash.jpg"):
  



Started GET "/javascripts/audio.js" for 109.194.129.39 at Срд Июл 13 11:54:54 +0400 2011

ActionController::RoutingError (No route matches "/javascripts/audio.js"):
  



Started GET "/uploads/image/image/48/pic_head_bnn_rest.jpg" for 109.194.129.39 at Срд Июл 13 11:54:54 +0400 2011

ActionController::RoutingError (No route matches "/uploads/image/image/48/pic_head_bnn_rest.jpg"):
  



Started GET "/uploads/image/image/49/pic_head_bnn_shash.jpg" for 109.194.129.39 at Срд Июл 13 11:54:54 +0400 2011

ActionController::RoutingError (No route matches "/uploads/image/image/49/pic_head_bnn_shash.jpg"):
  



Started GET "/" for 109.194.129.39 at Срд Июл 13 11:54:56 +0400 2011
  Processing by PagesController#home as HTML
Rendered pages/_cont.haml (0.2ms)
Rendered shared/_menu.haml (0.1ms)
Rendered shared/_slider.haml (4.4ms)
Rendered pages/home.haml within layouts/application_h (7.8ms)
Completed 200 OK in 10ms (Views: 8.3ms | ActiveRecord: 0.5ms)


Started GET "/stylesheets/application.css" for 109.194.129.39 at Срд Июл 13 11:54:56 +0400 2011

ActionController::RoutingError (No route matches "/stylesheets/application.css"):
  



Started GET "/javascripts/audio.js" for 109.194.129.39 at Срд Июл 13 11:54:56 +0400 2011

ActionController::RoutingError (No route matches "/javascripts/audio.js"):
  



Started GET "/uploads/image/image/48/pic_head_bnn_rest.jpg" for 109.194.129.39 at Срд Июл 13 11:54:56 +0400 2011

ActionController::RoutingError (No route matches "/uploads/image/image/48/pic_head_bnn_rest.jpg"):
  



Started GET "/uploads/image/image/49/pic_head_bnn_shash.jpg" for 109.194.129.39 at Срд Июл 13 11:54:56 +0400 2011

ActionController::RoutingError (No route matches "/uploads/image/image/49/pic_head_bnn_shash.jpg"):
  



Started GET "/javascripts/audio.js" for 109.194.129.39 at Срд Июл 13 11:54:56 +0400 2011

ActionController::RoutingError (No route matches "/javascripts/audio.js"):
  



Started GET "/uploads/image/image/48/pic_head_bnn_rest.jpg" for 109.194.129.39 at Срд Июл 13 11:54:56 +0400 2011

ActionController::RoutingError (No route matches "/uploads/image/image/48/pic_head_bnn_rest.jpg"):
  



Started GET "/uploads/image/image/49/pic_head_bnn_shash.jpg" for 109.194.129.39 at Срд Июл 13 11:54:56 +0400 2011

ActionController::RoutingError (No route matches "/uploads/image/image/49/pic_head_bnn_shash.jpg"):
  



Started GET "/" for 109.194.129.39 at Срд Июл 13 12:04:31 +0400 2011
  Processing by PagesController#home as HTML
Rendered pages/_cont.haml (0.1ms)
Rendered shared/_menu.haml (0.1ms)
Rendered shared/_slider.haml (2.7ms)
Rendered pages/home.haml within layouts/application_h (5.0ms)
Completed 200 OK in 6ms (Views: 5.3ms | ActiveRecord: 0.4ms)


Started GET "/javascripts/audio.js" for 109.194.129.39 at Срд Июл 13 12:04:31 +0400 2011

ActionController::RoutingError (No route matches "/javascripts/audio.js"):
  



Started GET "/javascripts/audio.js" for 109.194.129.39 at Срд Июл 13 12:04:32 +0400 2011

ActionController::RoutingError (No route matches "/javascripts/audio.js"):
  



Started GET "/shashlyk" for 109.194.129.39 at Срд Июл 13 12:04:39 +0400 2011
  Processing by PagesController#shashlyk as HTML
Rendered pages/_cont.haml (0.1ms)
Rendered shared/_shashlyk.haml (0.1ms)
Rendered shared/_menu.haml (0.1ms)
Rendered shared/_slider.haml (3.5ms)
Rendered pages/shashlyk.haml within layouts/application_s (5.8ms)
Completed 200 OK in 7ms (Views: 6.1ms | ActiveRecord: 0.4ms)


Started GET "/javascripts/audio.js" for 109.194.129.39 at Срд Июл 13 12:04:39 +0400 2011

ActionController::RoutingError (No route matches "/javascripts/audio.js"):
  



Started GET "/uploads/image/image/52/pic_head_2.jpg" for 109.194.129.39 at Срд Июл 13 12:04:39 +0400 2011

ActionController::RoutingError (No route matches "/uploads/image/image/52/pic_head_2.jpg"):
  



Started GET "/uploads/image/image/53/pic_head_w_129b3712.jpg" for 109.194.129.39 at Срд Июл 13 12:04:39 +0400 2011

ActionController::RoutingError (No route matches "/uploads/image/image/53/pic_head_w_129b3712.jpg"):
  



Started GET "/javascripts/audio.js" for 109.194.129.39 at Срд Июл 13 12:04:40 +0400 2011

ActionController::RoutingError (No route matches "/javascripts/audio.js"):
  



Started GET "/uploads/image/image/52/pic_head_2.jpg" for 109.194.129.39 at Срд Июл 13 12:04:40 +0400 2011

ActionController::RoutingError (No route matches "/uploads/image/image/52/pic_head_2.jpg"):
  



Started GET "/uploads/image/image/53/pic_head_w_129b3712.jpg" for 109.194.129.39 at Срд Июл 13 12:04:40 +0400 2011

ActionController::RoutingError (No route matches "/uploads/image/image/53/pic_head_w_129b3712.jpg"):
  



Started GET "/shashlyk/menu" for 109.194.129.39 at Срд Июл 13 12:04:42 +0400 2011
  Processing by MenusController#shashlyk_menu as HTML
Rendered menus/_menu.erb (4.4ms)
Rendered shared/_menu.haml (0.1ms)
Rendered menus/shashlyk_menu.haml within layouts/application_m (6.3ms)
Completed 200 OK in 8ms (Views: 6.8ms | ActiveRecord: 0.4ms)


Started GET "/javascripts/audio.js" for 109.194.129.39 at Срд Июл 13 12:04:43 +0400 2011

ActionController::RoutingError (No route matches "/javascripts/audio.js"):
  



Started GET "/shashlyk/menu" for 109.194.129.39 at Срд Июл 13 12:04:49 +0400 2011
  Processing by MenusController#shashlyk_menu as HTML
Rendered menus/_menu.erb (4.2ms)
Rendered shared/_menu.haml (0.1ms)
Rendered menus/shashlyk_menu.haml within layouts/application_m (6.1ms)
Completed 200 OK in 8ms (Views: 6.5ms | ActiveRecord: 0.4ms)


Started GET "/javascripts/audio.js" for 109.194.129.39 at Срд Июл 13 12:04:49 +0400 2011

ActionController::RoutingError (No route matches "/javascripts/audio.js"):
  



Started GET "/javascripts/audio.js" for 109.194.129.39 at Срд Июл 13 12:04:49 +0400 2011

ActionController::RoutingError (No route matches "/javascripts/audio.js"):
  



Started GET "/shashlyk/menu" for 109.194.129.39 at Срд Июл 13 12:04:50 +0400 2011
  Processing by MenusController#shashlyk_menu as HTML
Rendered menus/_menu.erb (4.6ms)
Rendered shared/_menu.haml (0.1ms)
Rendered menus/shashlyk_menu.haml within layouts/application_m (6.6ms)
Completed 200 OK in 8ms (Views: 7.1ms | ActiveRecord: 0.4ms)


Started GET "/javascripts/audio.js" for 109.194.129.39 at Срд Июл 13 12:04:50 +0400 2011

ActionController::RoutingError (No route matches "/javascripts/audio.js"):
  



Started GET "/javascripts/audio.js" for 109.194.129.39 at Срд Июл 13 12:04:51 +0400 2011

ActionController::RoutingError (No route matches "/javascripts/audio.js"):
  



Started GET "/shashlyk/menu" for 109.194.129.39 at Срд Июл 13 12:04:53 +0400 2011
  Processing by MenusController#shashlyk_menu as HTML
Rendered menus/_menu.erb (4.4ms)
Rendered shared/_menu.haml (0.1ms)
Rendered menus/shashlyk_menu.haml within layouts/application_m (6.3ms)
Completed 200 OK in 8ms (Views: 6.8ms | ActiveRecord: 0.4ms)


Started GET "/javascripts/audio.js" for 109.194.129.39 at Срд Июл 13 12:04:54 +0400 2011

ActionController::RoutingError (No route matches "/javascripts/audio.js"):
  



Started GET "/" for 109.194.129.39 at Срд Июл 13 12:04:55 +0400 2011
  Processing by PagesController#home as HTML
Rendered pages/_cont.haml (0.1ms)
Rendered shared/_menu.haml (0.1ms)
Rendered shared/_slider.haml (2.8ms)
Rendered pages/home.haml within layouts/application_h (5.0ms)
Completed 200 OK in 7ms (Views: 5.3ms | ActiveRecord: 0.4ms)


Started GET "/javascripts/audio.js" for 109.194.129.39 at Срд Июл 13 12:04:56 +0400 2011

ActionController::RoutingError (No route matches "/javascripts/audio.js"):
  



Started GET "/javascripts/audio.js" for 109.194.129.39 at Срд Июл 13 12:04:56 +0400 2011

ActionController::RoutingError (No route matches "/javascripts/audio.js"):
  



Started GET "/" for 109.194.129.39 at Срд Июл 13 12:04:58 +0400 2011
  Processing by PagesController#home as HTML
Rendered pages/_cont.haml (0.1ms)
Rendered shared/_menu.haml (0.1ms)
Rendered shared/_slider.haml (2.8ms)
Rendered pages/home.haml within layouts/application_h (5.0ms)
Completed 200 OK in 7ms (Views: 5.3ms | ActiveRecord: 0.4ms)


Started GET "/javascripts/audio.js" for 109.194.129.39 at Срд Июл 13 12:04:58 +0400 2011

ActionController::RoutingError (No route matches "/javascripts/audio.js"):
  



Started GET "/" for 109.194.129.39 at Срд Июл 13 12:05:00 +0400 2011
  Processing by PagesController#home as HTML
Rendered pages/_cont.haml (0.1ms)
Rendered shared/_menu.haml (0.1ms)
Rendered shared/_slider.haml (2.7ms)
Rendered pages/home.haml within layouts/application_h (4.9ms)
Completed 200 OK in 6ms (Views: 5.2ms | ActiveRecord: 0.4ms)


Started GET "/javascripts/audio.js" for 109.194.129.39 at Срд Июл 13 12:05:00 +0400 2011

ActionController::RoutingError (No route matches "/javascripts/audio.js"):
  



Started GET "/" for 109.194.129.39 at Срд Июл 13 12:05:06 +0400 2011
  Processing by PagesController#home as HTML
Rendered pages/_cont.haml (0.1ms)
Rendered shared/_menu.haml (0.1ms)
Rendered shared/_slider.haml (2.7ms)
Rendered pages/home.haml within layouts/application_h (4.9ms)
Completed 200 OK in 6ms (Views: 5.2ms | ActiveRecord: 0.4ms)


Started GET "/javascripts/audio.js" for 109.194.129.39 at Срд Июл 13 12:05:06 +0400 2011

ActionController::RoutingError (No route matches "/javascripts/audio.js"):
  



Started GET "/" for 109.194.129.39 at Срд Июл 13 12:05:08 +0400 2011
  Processing by PagesController#home as HTML
Rendered pages/_cont.haml (0.1ms)
Rendered shared/_menu.haml (0.1ms)
Rendered shared/_slider.haml (78.8ms)
Rendered pages/home.haml within layouts/application_h (81.2ms)
Completed 200 OK in 83ms (Views: 81.6ms | ActiveRecord: 0.4ms)


Started GET "/javascripts/audio.js" for 109.194.129.39 at Срд Июл 13 12:05:08 +0400 2011

ActionController::RoutingError (No route matches "/javascripts/audio.js"):
  



Started GET "/" for 109.194.129.39 at Срд Июл 13 12:05:11 +0400 2011
  Processing by PagesController#home as HTML
Rendered pages/_cont.haml (0.1ms)
Rendered shared/_menu.haml (0.1ms)
Rendered shared/_slider.haml (2.9ms)
Rendered pages/home.haml within layouts/application_h (5.2ms)
Completed 200 OK in 7ms (Views: 5.5ms | ActiveRecord: 0.4ms)


Started GET "/javascripts/audio.js" for 109.194.129.39 at Срд Июл 13 12:05:11 +0400 2011

ActionController::RoutingError (No route matches "/javascripts/audio.js"):
  



Started GET "/javascripts/audio.js" for 109.194.129.39 at Срд Июл 13 12:05:12 +0400 2011

ActionController::RoutingError (No route matches "/javascripts/audio.js"):
  



Started GET "/shashlyk" for 109.194.129.39 at Срд Июл 13 12:05:21 +0400 2011
  Processing by PagesController#shashlyk as HTML
Rendered pages/_cont.haml (0.1ms)
Rendered shared/_shashlyk.haml (0.1ms)
Rendered shared/_menu.haml (0.1ms)
Rendered shared/_slider.haml (3.7ms)
Rendered pages/shashlyk.haml within layouts/application_s (6.1ms)
Completed 200 OK in 8ms (Views: 6.4ms | ActiveRecord: 0.4ms)


Started GET "/javascripts/audio.js" for 109.194.129.39 at Срд Июл 13 12:05:21 +0400 2011

ActionController::RoutingError (No route matches "/javascripts/audio.js"):
  



Started GET "/uploads/image/image/52/pic_head_2.jpg" for 109.194.129.39 at Срд Июл 13 12:05:21 +0400 2011

ActionController::RoutingError (No route matches "/uploads/image/image/52/pic_head_2.jpg"):
  



Started GET "/uploads/image/image/53/pic_head_w_129b3712.jpg" for 109.194.129.39 at Срд Июл 13 12:05:21 +0400 2011

ActionController::RoutingError (No route matches "/uploads/image/image/53/pic_head_w_129b3712.jpg"):
  



Started GET "/uploads/image/image/53/pic_head_w_129b3712.jpg" for 109.194.129.39 at Срд Июл 13 12:05:22 +0400 2011

ActionController::RoutingError (No route matches "/uploads/image/image/53/pic_head_w_129b3712.jpg"):
  



Started GET "/uploads/image/image/52/pic_head_2.jpg" for 109.194.129.39 at Срд Июл 13 12:05:22 +0400 2011

ActionController::RoutingError (No route matches "/uploads/image/image/52/pic_head_2.jpg"):
  



Started GET "/shashlyk/menu" for 109.194.129.39 at Срд Июл 13 12:05:24 +0400 2011
  Processing by MenusController#shashlyk_menu as HTML
Rendered menus/_menu.erb (4.2ms)
Rendered shared/_menu.haml (0.1ms)
Rendered menus/shashlyk_menu.haml within layouts/application_m (6.1ms)
Completed 200 OK in 8ms (Views: 6.6ms | ActiveRecord: 0.4ms)


Started GET "/javascripts/audio.js" for 109.194.129.39 at Срд Июл 13 12:05:24 +0400 2011

ActionController::RoutingError (No route matches "/javascripts/audio.js"):
  



Started GET "/shashlyk/menu" for 109.194.129.39 at Срд Июл 13 12:05:25 +0400 2011
  Processing by MenusController#shashlyk_menu as HTML
Rendered menus/_menu.erb (4.5ms)
Rendered shared/_menu.haml (0.1ms)
Rendered menus/shashlyk_menu.haml within layouts/application_m (6.6ms)
Completed 200 OK in 8ms (Views: 7.1ms | ActiveRecord: 0.4ms)


Started GET "/javascripts/audio.js" for 109.194.129.39 at Срд Июл 13 12:05:26 +0400 2011

ActionController::RoutingError (No route matches "/javascripts/audio.js"):
  



Started GET "/javascripts/audio.js" for 109.194.129.39 at Срд Июл 13 12:05:26 +0400 2011

ActionController::RoutingError (No route matches "/javascripts/audio.js"):
  



Started GET "/shashlyk/menu" for 109.194.129.39 at Срд Июл 13 12:06:00 +0400 2011
  Processing by MenusController#shashlyk_menu as HTML
Rendered menus/_menu.erb (4.3ms)
Rendered shared/_menu.haml (0.1ms)
Rendered menus/shashlyk_menu.haml within layouts/application_m (6.1ms)
Completed 200 OK in 8ms (Views: 6.6ms | ActiveRecord: 0.4ms)


Started GET "/javascripts/audio.js" for 109.194.129.39 at Срд Июл 13 12:06:00 +0400 2011

ActionController::RoutingError (No route matches "/javascripts/audio.js"):
  



Started GET "/shashlyk/menu" for 109.194.129.39 at Срд Июл 13 12:07:37 +0400 2011
  Processing by MenusController#shashlyk_menu as HTML
Rendered shared/_shashlyk.haml (7.6ms)
Rendered shared/_user_nav.haml (3.5ms)
Rendered shared/_menu.haml (8.6ms)
Rendered menus/shashlyk_menu.haml within layouts/application_m (37.2ms)
Completed 200 OK in 56ms (Views: 42.0ms | ActiveRecord: 0.9ms)


Started GET "/flowers" for 109.194.129.39 at Срд Июл 13 12:07:48 +0400 2011
  Processing by MenusController#flowers as HTML
Rendered shared/_restaurant.haml (6.4ms)
Rendered shared/_user_nav.haml (0.8ms)
Rendered shared/_menu.haml (0.1ms)
Rendered menus/flowers.erb within layouts/application_m (126.1ms)
Completed 200 OK in 129ms (Views: 127.4ms | ActiveRecord: 0.4ms)


Started POST "/cart_items" for 109.194.129.39 at Срд Июл 13 12:07:50 +0400 2011
  Processing by CartItemsController#create as HTML
  Parameters: {"commit"=>"В корзину", "authenticity_token"=>"2PXZ0JJLdeKWIo1SaWSp9J7QsSHOF+qjDRmyQGEt+no=", "utf8"=>"✓", "cart_item"=>{"menu_id"=>"13"}}
Completed   in 0ms


Started GET "/user/sign_in" for 109.194.129.39 at Срд Июл 13 12:07:51 +0400 2011
  Processing by SessionsController#new as HTML
Rendered shared/_user_nav.haml (1.4ms)
Rendered shared/_menu.haml (0.1ms)
Rendered sessions/new.haml within layouts/application (25.7ms)
Completed 200 OK in 61ms (Views: 47.6ms | ActiveRecord: 0.0ms)


Started POST "/user/sign_in" for 109.194.129.39 at Срд Июл 13 12:08:05 +0400 2011
  Processing by SessionsController#create as HTML
  Parameters: {"commit"=>"Войти", "authenticity_token"=>"2PXZ0JJLdeKWIo1SaWSp9J7QsSHOF+qjDRmyQGEt+no=", "utf8"=>"✓", "user"=>{"remember_me"=>"0", "username"=>"maxstbn", "password"=>"[FILTERED]"}}
Redirected to http://restaurant.maxstbn.locum.ru/
Completed 302 Found in 150ms


Started GET "/" for 109.194.129.39 at Срд Июл 13 12:08:05 +0400 2011
  Processing by PagesController#home as HTML
Rendered pages/_cont.haml (1.4ms)
Rendered shared/_user_nav.haml (1.9ms)
Rendered shared/_menu.haml (0.1ms)
Rendered shared/_slider.haml (8.6ms)
Rendered pages/home.haml within layouts/application_h (85.1ms)
Completed 200 OK in 97ms (Views: 87.7ms | ActiveRecord: 0.8ms)


Started GET "/shashlyk" for 109.194.129.39 at Срд Июл 13 12:08:11 +0400 2011
  Processing by PagesController#shashlyk as HTML
Rendered pages/_cont.haml (0.1ms)
Rendered shared/_shashlyk.haml (0.1ms)
Rendered shared/_user_nav.haml (1.7ms)
Rendered shared/_menu.haml (0.1ms)
Rendered shared/_slider.haml (2.2ms)
Rendered pages/shashlyk.haml within layouts/application_s (16.2ms)
Completed 200 OK in 20ms (Views: 17.9ms | ActiveRecord: 0.7ms)


Started GET "/flowers" for 109.194.129.39 at Срд Июл 13 12:08:14 +0400 2011
  Processing by MenusController#flowers as HTML
Rendered shared/_restaurant.haml (0.1ms)
Rendered shared/_user_nav.haml (1.4ms)
Rendered shared/_menu.haml (0.1ms)
Rendered menus/flowers.erb within layouts/application_m (12.0ms)
Completed 200 OK in 14ms (Views: 12.2ms | ActiveRecord: 0.6ms)


Started POST "/cart_items" for 109.194.129.39 at Срд Июл 13 12:08:16 +0400 2011
  Processing by CartItemsController#create as HTML
  Parameters: {"commit"=>"В корзину", "authenticity_token"=>"2PXZ0JJLdeKWIo1SaWSp9J7QsSHOF+qjDRmyQGEt+no=", "utf8"=>"✓", "cart_item"=>{"menu_id"=>"16"}}
Redirected to http://restaurant.maxstbn.locum.ru/flowers
Completed 302 Found in 14ms


Started GET "/flowers" for 109.194.129.39 at Срд Июл 13 12:08:17 +0400 2011
  Processing by MenusController#flowers as HTML
Rendered shared/_restaurant.haml (0.1ms)
Rendered shared/_user_nav.haml (1.3ms)
Rendered shared/_menu.haml (0.1ms)
Rendered menus/flowers.erb within layouts/application_m (11.3ms)
Completed 200 OK in 13ms (Views: 11.6ms | ActiveRecord: 1.4ms)


Started POST "/cart_items" for 109.194.129.39 at Срд Июл 13 12:08:18 +0400 2011
  Processing by CartItemsController#create as HTML
  Parameters: {"commit"=>"В корзину", "authenticity_token"=>"2PXZ0JJLdeKWIo1SaWSp9J7QsSHOF+qjDRmyQGEt+no=", "utf8"=>"✓", "cart_item"=>{"menu_id"=>"14"}}
Redirected to http://restaurant.maxstbn.locum.ru/flowers
Completed 302 Found in 7ms


Started GET "/flowers" for 109.194.129.39 at Срд Июл 13 12:08:18 +0400 2011
  Processing by MenusController#flowers as HTML
Rendered shared/_restaurant.haml (0.1ms)
Rendered shared/_user_nav.haml (1.7ms)
Rendered shared/_menu.haml (0.1ms)
Rendered menus/flowers.erb within layouts/application_m (14.7ms)
Completed 200 OK in 17ms (Views: 14.9ms | ActiveRecord: 1.5ms)


Started GET "/shashlyk" for 109.194.129.39 at Срд Июл 13 12:08:21 +0400 2011
  Processing by PagesController#shashlyk as HTML
Rendered pages/_cont.haml (0.1ms)
Rendered shared/_shashlyk.haml (0.1ms)
Rendered shared/_user_nav.haml (2.3ms)
Rendered shared/_menu.haml (0.1ms)
Rendered shared/_slider.haml (2.6ms)
Rendered pages/shashlyk.haml within layouts/application_s (8.2ms)
Completed 200 OK in 10ms (Views: 8.3ms | ActiveRecord: 0.8ms)


Started GET "/booking" for 109.194.129.39 at Срд Июл 13 12:08:23 +0400 2011
  Processing by BookingsController#index as HTML
  Parameters: {"controllers"=>:bookings}
Rendered shared/_user_nav.haml (1.5ms)
Rendered shared/_menu.haml (0.1ms)
Rendered bookings/index.haml within layouts/application_b (26.5ms)
Completed 200 OK in 31ms (Views: 28.6ms | ActiveRecord: 0.6ms)


Started POST "/booking" for 109.194.129.39 at Срд Июл 13 12:08:25 +0400 2011
  Processing by BookingsController#create as HTML
  Parameters: {"commit"=>"Забронировать", "controllers"=>:bookings, "authenticity_token"=>"2PXZ0JJLdeKWIo1SaWSp9J7QsSHOF+qjDRmyQGEt+no=", "utf8"=>"✓", "booking"=>{"name"=>"", "time"=>"8:00", "table"=>"1", "date"=>"", "phone"=>"", "surname"=>"", "patronymic"=>""}}
Rendered shared/_user_nav.haml (1.4ms)
Rendered shared/_menu.haml (0.1ms)
Rendered bookings/index.haml within layouts/application_b (9.3ms)
Completed 200 OK in 17ms (Views: 9.5ms | ActiveRecord: 0.2ms)


Started GET "/shashlyk" for 109.194.129.39 at Срд Июл 13 12:08:34 +0400 2011
  Processing by PagesController#shashlyk as HTML
Rendered pages/_cont.haml (0.1ms)
Rendered shared/_shashlyk.haml (0.1ms)
Rendered shared/_user_nav.haml (52.0ms)
Rendered shared/_menu.haml (0.1ms)
Rendered shared/_slider.haml (2.4ms)
Rendered pages/shashlyk.haml within layouts/application_s (56.7ms)
Completed 200 OK in 58ms (Views: 56.7ms | ActiveRecord: 0.7ms)


Started GET "/contacts" for 109.194.129.39 at Срд Июл 13 12:08:36 +0400 2011
  Processing by PagesController#contacts as HTML
Completed 500 Internal Server Error in 14ms

ActionView::MissingTemplate (Missing layout layouts/application_с with {:formats=>[:html], :handlers=>[:rjs, :rhtml, :rxml, :haml, :builder, :erb], :locale=>[:en, :en]} in view paths "/var/www/home/hosting_maxstbn/projects/restaurant/releases/initial_release/app/views", "/var/www/home/hosting_maxstbn/.gem/ruby/1.8/gems/devise-1.3.3/app/views", "/var/www/home/hosting_maxstbn/.gem/ruby/1.8/gems/ckeditor-3.5.0/app/views"):
  app/controllers/pages_controller.rb:34:in `contacts'



Started GET "/feedbacks" for 109.194.129.39 at Срд Июл 13 12:08:41 +0400 2011
  Processing by FeedbacksController#index as HTML
Rendered shared/_user_nav.haml (1.7ms)
Rendered shared/_menu.haml (0.1ms)
Rendered feedbacks/index.haml within layouts/application_f (21.4ms)
Completed 200 OK in 26ms (Views: 23.6ms | ActiveRecord: 0.6ms)


Started GET "/contacts" for 109.194.129.39 at Срд Июл 13 12:08:43 +0400 2011
  Processing by PagesController#contacts as HTML
Completed 500 Internal Server Error in 2ms

ActionView::MissingTemplate (Missing layout layouts/application_с with {:formats=>[:html], :handlers=>[:rjs, :rhtml, :rxml, :haml, :builder, :erb], :locale=>[:en, :en]} in view paths "/var/www/home/hosting_maxstbn/projects/restaurant/releases/initial_release/app/views", "/var/www/home/hosting_maxstbn/.gem/ruby/1.8/gems/devise-1.3.3/app/views", "/var/www/home/hosting_maxstbn/.gem/ruby/1.8/gems/ckeditor-3.5.0/app/views"):
  app/controllers/pages_controller.rb:34:in `contacts'



Started GET "/restaurant" for 109.194.129.39 at Срд Июл 13 12:08:48 +0400 2011
  Processing by PagesController#restaurant as HTML
Rendered pages/_cont.haml (0.1ms)
Rendered shared/_restaurant.haml (0.1ms)
Rendered shared/_user_nav.haml (1.3ms)
Rendered shared/_menu.haml (0.1ms)
Rendered shared/_slider.haml (1.8ms)
Rendered pages/restaurant.haml within layouts/application_r (13.5ms)
Completed 200 OK in 17ms (Views: 15.2ms | ActiveRecord: 0.5ms)


Started GET "/" for 109.194.129.39 at Срд Июл 13 12:08:49 +0400 2011
  Processing by PagesController#home as HTML
Rendered pages/_cont.haml (0.1ms)
Rendered shared/_user_nav.haml (1.3ms)
Rendered shared/_menu.haml (0.1ms)
Rendered shared/_slider.haml (2.7ms)
Rendered pages/home.haml within layouts/application_h (6.2ms)
Completed 200 OK in 8ms (Views: 6.3ms | ActiveRecord: 0.5ms)


Started GET "/restaurant" for 109.194.129.39 at Срд Июл 13 12:08:51 +0400 2011
  Processing by PagesController#restaurant as HTML
Rendered pages/_cont.haml (0.1ms)
Rendered shared/_restaurant.haml (0.1ms)
Rendered shared/_user_nav.haml (1.3ms)
Rendered shared/_menu.haml (0.1ms)
Rendered shared/_slider.haml (1.8ms)
Rendered pages/restaurant.haml within layouts/application_r (5.3ms)
Completed 200 OK in 7ms (Views: 5.5ms | ActiveRecord: 0.5ms)


Started GET "/shashlyk" for 109.194.129.39 at Срд Июл 13 12:08:52 +0400 2011
  Processing by PagesController#shashlyk as HTML
Rendered pages/_cont.haml (0.1ms)
Rendered shared/_shashlyk.haml (0.1ms)
Rendered shared/_user_nav.haml (1.3ms)
Rendered shared/_menu.haml (0.1ms)
Rendered shared/_slider.haml (54.2ms)
Rendered pages/shashlyk.haml within layouts/application_s (57.9ms)
Completed 200 OK in 60ms (Views: 57.5ms | ActiveRecord: 1.2ms)


Started GET "/admin" for 109.194.129.39 at Срд Июл 13 12:09:00 +0400 2011
  Processing by Admin::BookingsController#index as HTML
Completed 401 Unauthorized in 0ms


Started GET "/admin" for 109.194.129.39 at Срд Июл 13 12:09:06 +0400 2011
  Processing by Admin::BookingsController#index as HTML
Rendered admin/bookings/index.haml within layouts/admin (21.9ms)
Completed 200 OK in 34ms (Views: 32.6ms | ActiveRecord: 0.4ms)


Started GET "/admin/pages" for 109.194.129.39 at Срд Июл 13 12:09:10 +0400 2011
  Processing by Admin::PagesController#index as HTML
Rendered admin/pages/index.html.haml within layouts/admin (15.7ms)
Completed 200 OK in 18ms (Views: 16.9ms | ActiveRecord: 0.7ms)


Started GET "/admin/pages/5/edit" for 109.194.129.39 at Срд Июл 13 12:09:15 +0400 2011
  Processing by Admin::PagesController#edit as HTML
  Parameters: {"id"=>"5"}
Rendered admin/pages/_form.html.haml (7.3ms)
Rendered admin/pages/edit.html.haml within layouts/admin (10.7ms)
Completed 200 OK in 13ms (Views: 11.9ms | ActiveRecord: 0.2ms)


Started POST "/admin/pages/5" for 109.194.129.39 at Срд Июл 13 12:09:18 +0400 2011
  Processing by Admin::PagesController#update as HTML
  Parameters: {"commit"=>"Сохранить", "authenticity_token"=>"2PXZ0JJLdeKWIo1SaWSp9J7QsSHOF+qjDRmyQGEt+no=", "utf8"=>"✓", "id"=>"5", "page"=>{"meta_desc"=>"Контакты", "title"=>"Контакты", "meta_key"=>"Контакты", "desc"=>"<p>\r\n\tПенза ул.Кирова, 42</p>\r\n<p>\r\n\tт. 26-07-07, 26-07-08<br />\r\n\tт. 26-06-26</p>\r\n"}}
Redirected to http://restaurant.maxstbn.locum.ru/admin/pages/5
Completed 302 Found in 3ms


Started GET "/admin/pages/5" for 109.194.129.39 at Срд Июл 13 12:09:18 +0400 2011
  Processing by Admin::PagesController#show as HTML
  Parameters: {"id"=>"5"}
Rendered admin/pages/show.html.haml within layouts/admin (6.0ms)
Completed 200 OK in 9ms (Views: 7.4ms | ActiveRecord: 0.4ms)


Started GET "/" for 109.194.129.39 at Срд Июл 13 12:09:27 +0400 2011
  Processing by PagesController#home as HTML
Rendered pages/_cont.haml (0.2ms)
Rendered shared/_user_nav.haml (1.5ms)
Rendered shared/_menu.haml (0.1ms)
Rendered shared/_slider.haml (3.2ms)
Rendered pages/home.haml within layouts/application_h (7.1ms)
Completed 200 OK in 9ms (Views: 7.3ms | ActiveRecord: 0.6ms)


Started GET "/contacts" for 109.194.129.39 at Срд Июл 13 12:09:29 +0400 2011
  Processing by PagesController#contacts as HTML
Completed 500 Internal Server Error in 2ms

ActionView::MissingTemplate (Missing layout layouts/application_с with {:formats=>[:html], :handlers=>[:rjs, :rhtml, :rxml, :haml, :builder, :erb], :locale=>[:en, :en]} in view paths "/var/www/home/hosting_maxstbn/projects/restaurant/releases/initial_release/app/views", "/var/www/home/hosting_maxstbn/.gem/ruby/1.8/gems/devise-1.3.3/app/views", "/var/www/home/hosting_maxstbn/.gem/ruby/1.8/gems/ckeditor-3.5.0/app/views"):
  app/controllers/pages_controller.rb:34:in `contacts'



Started GET "/contacts" for 127.0.0.1 at 2011-07-13 12:13:16 +0400
  Processing by PagesController#contacts as HTML
Rendered shared/_user_nav.haml (6.1ms)
Rendered shared/_menu.haml (12.6ms)
Rendered pages/contacts.erb within layouts/application_с (72.9ms)
Completed 200 OK in 92ms (Views: 76.7ms | ActiveRecord: 0.8ms)


Started GET "/contacts" for 127.0.0.1 at 2011-07-13 12:13:20 +0400
  Processing by PagesController#contacts as HTML
Rendered shared/_user_nav.haml (1.3ms)
Rendered shared/_menu.haml (0.1ms)
Rendered pages/contacts.erb within layouts/application_с (4.0ms)
Completed 200 OK in 7ms (Views: 5.1ms | ActiveRecord: 0.3ms)
