

Started GET "/" for 109.194.129.39 at Чтв Июл 14 13:27:26 +0400 2011
  Processing by PagesController#home as HTML
Rendered pages/_cont.haml (1.4ms)
Rendered shared/_user_nav.haml (5.6ms)
Rendered shared/_audio.haml (1.4ms)
Rendered shared/_menu.haml (9.4ms)
Rendered shared/_slider.haml (17.2ms)
Rendered pages/home.haml within layouts/application_h (58.3ms)
Completed 200 OK in 81ms (Views: 61.0ms | ActiveRecord: 0.7ms)


Started GET "/restaurant" for 109.194.129.39 at Чтв Июл 14 13:27:31 +0400 2011
  Processing by PagesController#restaurant as HTML
Rendered pages/_cont.haml (0.1ms)
Rendered shared/_restaurant.haml (69.5ms)
Rendered shared/_user_nav.haml (0.9ms)
Rendered shared/_audio.haml (0.1ms)
Rendered shared/_menu.haml (0.1ms)
Rendered shared/_slider.haml (2.4ms)
Rendered pages/restaurant.haml within layouts/application_r (85.3ms)
Completed 200 OK in 89ms (Views: 87.1ms | ActiveRecord: 0.4ms)


Started GET "/restaurant/menu" for 109.194.129.39 at Чтв Июл 14 13:27:34 +0400 2011
  Processing by MenusController#restaurant_menu as HTML
Rendered shared/_restaurant.haml (0.1ms)
Rendered shared/_user_nav.haml (0.7ms)
Rendered shared/_audio.haml (0.1ms)
Rendered shared/_menu.haml (0.1ms)
Rendered menus/restaurant_menu.haml within layouts/application_m (13.1ms)
Completed 200 OK in 18ms (Views: 15.4ms | ActiveRecord: 0.3ms)


Started GET "/restaurant/menu" for 109.194.129.39 at Чтв Июл 14 13:27:38 +0400 2011
  Processing by MenusController#restaurant_menu as HTML
Rendered shared/_restaurant.haml (0.1ms)
Rendered shared/_user_nav.haml (0.7ms)
Rendered shared/_audio.haml (0.1ms)
Rendered shared/_menu.haml (0.1ms)
Rendered menus/restaurant_menu.haml within layouts/application_m (3.0ms)
Completed 200 OK in 5ms (Views: 3.5ms | ActiveRecord: 0.4ms)


Started GET "/restaurant/menu" for 109.194.129.39 at Чтв Июл 14 13:27:39 +0400 2011
  Processing by MenusController#restaurant_menu as HTML
Rendered shared/_restaurant.haml (0.1ms)
Rendered shared/_user_nav.haml (0.7ms)
Rendered shared/_audio.haml (0.1ms)
Rendered shared/_menu.haml (0.1ms)
Rendered menus/restaurant_menu.haml within layouts/application_m (3.0ms)
Completed 200 OK in 5ms (Views: 3.5ms | ActiveRecord: 0.4ms)


Started GET "/restaurant/menu" for 109.194.129.39 at Чтв Июл 14 13:28:08 +0400 2011
  Processing by MenusController#restaurant_menu as HTML
Rendered shared/_restaurant.haml (0.1ms)
Rendered shared/_user_nav.haml (0.7ms)
Rendered shared/_audio.haml (0.1ms)
Rendered shared/_menu.haml (0.1ms)
Rendered menus/restaurant_menu.haml within layouts/application_m (3.2ms)
Completed 200 OK in 5ms (Views: 3.7ms | ActiveRecord: 0.4ms)


Started GET "/restaurant/menu" for 109.194.129.39 at Чтв Июл 14 13:28:09 +0400 2011
  Processing by MenusController#restaurant_menu as HTML
Rendered shared/_restaurant.haml (0.1ms)
Rendered shared/_user_nav.haml (0.7ms)
Rendered shared/_audio.haml (0.1ms)
Rendered shared/_menu.haml (0.1ms)
Rendered menus/restaurant_menu.haml within layouts/application_m (3.1ms)
Completed 200 OK in 5ms (Views: 3.7ms | ActiveRecord: 0.4ms)


Started GET "/restaurant/menu" for 109.194.129.39 at Чтв Июл 14 13:28:10 +0400 2011
  Processing by MenusController#restaurant_menu as HTML
Rendered shared/_restaurant.haml (0.1ms)
Rendered shared/_user_nav.haml (0.6ms)
Rendered shared/_audio.haml (0.1ms)
Rendered shared/_menu.haml (0.1ms)
Rendered menus/restaurant_menu.haml within layouts/application_m (3.0ms)
Completed 200 OK in 5ms (Views: 3.4ms | ActiveRecord: 0.4ms)


Started GET "/restaurant/menu" for 109.194.129.39 at Чтв Июл 14 13:28:19 +0400 2011
  Processing by MenusController#restaurant_menu as HTML
Rendered shared/_restaurant.haml (0.1ms)
Rendered shared/_user_nav.haml (0.6ms)
Rendered shared/_audio.haml (0.1ms)
Rendered shared/_menu.haml (0.1ms)
Rendered menus/restaurant_menu.haml within layouts/application_m (2.9ms)
Completed 200 OK in 5ms (Views: 3.4ms | ActiveRecord: 0.4ms)


Started GET "/restaurant/menu" for 109.194.129.39 at Чтв Июл 14 13:28:20 +0400 2011
  Processing by MenusController#restaurant_menu as HTML
Rendered shared/_restaurant.haml (0.1ms)
Rendered shared/_user_nav.haml (0.7ms)
Rendered shared/_audio.haml (0.1ms)
Rendered shared/_menu.haml (0.1ms)
Rendered menus/restaurant_menu.haml within layouts/application_m (3.2ms)
Completed 200 OK in 5ms (Views: 3.7ms | ActiveRecord: 0.4ms)


Started GET "/shashlyk" for 109.194.129.39 at Чтв Июл 14 13:28:22 +0400 2011
  Processing by PagesController#shashlyk as HTML
Rendered pages/_cont.haml (1.4ms)
Rendered shared/_shashlyk.haml (7.1ms)
Rendered shared/_user_nav.haml (4.0ms)
Rendered shared/_audio.haml (1.0ms)
Rendered shared/_menu.haml (7.9ms)
Rendered shared/_slider.haml (8.4ms)
Rendered pages/shashlyk.haml within layouts/application_s (47.2ms)
Completed 200 OK in 66ms (Views: 49.9ms | ActiveRecord: 0.6ms)


Started GET "/shashlyk/menu" for 109.194.129.39 at Чтв Июл 14 13:28:25 +0400 2011
  Processing by MenusController#shashlyk_menu as HTML
Rendered shared/_shashlyk.haml (0.1ms)
Rendered shared/_user_nav.haml (0.9ms)
Rendered shared/_audio.haml (0.1ms)
Rendered shared/_menu.haml (0.1ms)
Rendered menus/shashlyk_menu.haml within layouts/application_m (15.0ms)
Completed 200 OK in 80ms (Views: 17.3ms | ActiveRecord: 0.3ms)


Started GET "/restaurant" for 109.194.129.39 at Чтв Июл 14 13:28:35 +0400 2011
  Processing by PagesController#restaurant as HTML
Rendered pages/_cont.haml (0.1ms)
Rendered shared/_restaurant.haml (5.7ms)
Rendered shared/_user_nav.haml (0.8ms)
Rendered shared/_audio.haml (0.1ms)
Rendered shared/_menu.haml (0.1ms)
Rendered shared/_slider.haml (2.0ms)
Rendered pages/restaurant.haml within layouts/application_r (19.6ms)
Completed 200 OK in 23ms (Views: 21.4ms | ActiveRecord: 0.4ms)


Started GET "/restaurant/menu" for 109.194.129.39 at Чтв Июл 14 13:28:37 +0400 2011
  Processing by MenusController#restaurant_menu as HTML
Rendered shared/_restaurant.haml (0.1ms)
Rendered shared/_user_nav.haml (0.7ms)
Rendered shared/_audio.haml (0.1ms)
Rendered shared/_menu.haml (0.1ms)
Rendered menus/restaurant_menu.haml within layouts/application_m (5.6ms)
Completed 200 OK in 10ms (Views: 7.4ms | ActiveRecord: 0.5ms)


Started GET "/shashlyk" for 109.194.129.39 at Чтв Июл 14 13:29:18 +0400 2011
  Processing by PagesController#shashlyk as HTML
Rendered pages/_cont.haml (0.1ms)
Rendered shared/_shashlyk.haml (0.1ms)
Rendered shared/_user_nav.haml (0.7ms)
Rendered shared/_audio.haml (0.1ms)
Rendered shared/_menu.haml (0.1ms)
Rendered shared/_slider.haml (1.8ms)
Rendered pages/shashlyk.haml within layouts/application_s (5.0ms)
Completed 200 OK in 7ms (Views: 5.4ms | ActiveRecord: 0.3ms)


Started GET "/flowers" for 109.194.129.39 at Чтв Июл 14 13:29:20 +0400 2011
  Processing by MenusController#flowers as HTML
Rendered shared/_restaurant.haml (0.1ms)
Rendered shared/_user_nav.haml (0.7ms)
Rendered shared/_audio.haml (0.1ms)
Rendered shared/_menu.haml (0.1ms)
Rendered menus/flowers.erb within layouts/application_m (66.6ms)
Completed 200 OK in 69ms (Views: 67.8ms | ActiveRecord: 0.4ms)


Started POST "/cart_items" for 109.194.129.39 at Чтв Июл 14 13:29:22 +0400 2011
  Processing by CartItemsController#create as HTML
  Parameters: {"commit"=>"В корзину", "authenticity_token"=>"cGI68y+2WabOt8OU6+bZTEY3fvkQfacWG8Ed3HJ+jao=", "utf8"=>"✓", "cart_item"=>{"menu_id"=>"14"}}
Completed   in 1ms


Started GET "/user/sign_in" for 109.194.129.39 at Чтв Июл 14 13:29:22 +0400 2011
  Processing by SessionsController#new as HTML
Rendered sessions/new.haml within layouts/application (20.0ms)
Completed 200 OK in 60ms (Views: 50.4ms | ActiveRecord: 0.0ms)


Started GET "/user/sign_in" for 109.194.129.39 at Чтв Июл 14 13:30:05 +0400 2011
  Processing by SessionsController#new as HTML
Rendered sessions/new.haml within layouts/application (3.6ms)
Completed 200 OK in 5ms (Views: 4.2ms | ActiveRecord: 0.0ms)


Started GET "/user/sign_in" for 109.194.129.39 at Чтв Июл 14 13:30:06 +0400 2011
  Processing by SessionsController#new as HTML
Rendered sessions/new.haml within layouts/application (3.6ms)
Completed 200 OK in 5ms (Views: 4.2ms | ActiveRecord: 0.0ms)


Started GET "/flowers" for 109.194.129.39 at Чтв Июл 14 13:30:08 +0400 2011
  Processing by MenusController#flowers as HTML
Rendered shared/_restaurant.haml (0.1ms)
Rendered shared/_user_nav.haml (0.8ms)
Rendered shared/_audio.haml (0.1ms)
Rendered shared/_menu.haml (0.1ms)
Rendered menus/flowers.erb within layouts/application_m (12.1ms)
Completed 200 OK in 14ms (Views: 12.6ms | ActiveRecord: 0.4ms)


Started POST "/cart_items" for 109.194.129.39 at Чтв Июл 14 13:30:10 +0400 2011
  Processing by CartItemsController#create as HTML
  Parameters: {"commit"=>"В корзину", "authenticity_token"=>"cGI68y+2WabOt8OU6+bZTEY3fvkQfacWG8Ed3HJ+jao=", "utf8"=>"✓", "cart_item"=>{"menu_id"=>"16"}}
Completed   in 0ms


Started GET "/user/sign_in" for 109.194.129.39 at Чтв Июл 14 13:30:10 +0400 2011
  Processing by SessionsController#new as HTML
Rendered sessions/new.haml within layouts/application (3.4ms)
Completed 200 OK in 5ms (Views: 4.0ms | ActiveRecord: 0.0ms)


Started GET "/" for 95.169.184.138 at Чтв Июл 14 13:30:28 +0400 2011
  Processing by PagesController#home as HTML
Rendered pages/_cont.haml (1.3ms)
Rendered shared/_user_nav.haml (3.5ms)
Rendered shared/_audio.haml (1.0ms)
Rendered shared/_menu.haml (8.0ms)
Rendered shared/_slider.haml (9.7ms)
Rendered pages/home.haml within layouts/application_h (40.6ms)
Completed 200 OK in 58ms (Views: 43.1ms | ActiveRecord: 0.6ms)


Started GET "/" for 95.169.184.138 at Чтв Июл 14 13:30:58 +0400 2011
  Processing by PagesController#home as HTML
Rendered pages/_cont.haml (0.1ms)
Rendered shared/_user_nav.haml (0.8ms)
Rendered shared/_audio.haml (0.1ms)
Rendered shared/_menu.haml (0.1ms)
Rendered shared/_slider.haml (67.5ms)
Rendered pages/home.haml within layouts/application_h (71.0ms)
Completed 200 OK in 73ms (Views: 71.4ms | ActiveRecord: 0.4ms)


Started GET "/flowers" for 109.194.129.39 at Чтв Июл 14 13:31:18 +0400 2011
  Processing by MenusController#flowers as HTML
Rendered shared/_restaurant.haml (5.9ms)
Rendered shared/_user_nav.haml (0.7ms)
Rendered shared/_audio.haml (0.1ms)
Rendered shared/_menu.haml (0.1ms)
Rendered menus/flowers.erb within layouts/application_m (35.7ms)
Completed 200 OK in 41ms (Views: 38.0ms | ActiveRecord: 0.4ms)


Started POST "/cart_items" for 109.194.129.39 at Чтв Июл 14 13:31:19 +0400 2011
  Processing by CartItemsController#create as HTML
  Parameters: {"commit"=>"В корзину", "authenticity_token"=>"cGI68y+2WabOt8OU6+bZTEY3fvkQfacWG8Ed3HJ+jao=", "utf8"=>"✓", "cart_item"=>{"menu_id"=>"13"}}
Completed   in 0ms


Started GET "/user/sign_in" for 109.194.129.39 at Чтв Июл 14 13:31:19 +0400 2011
  Processing by SessionsController#new as HTML
Rendered shared/_user_nav.haml (0.8ms)
Rendered shared/_audio.haml (0.1ms)
Rendered shared/_menu.haml (0.1ms)
Rendered sessions/new.haml within layouts/application (61.0ms)
Completed 200 OK in 75ms (Views: 66.5ms | ActiveRecord: 0.0ms)


Started POST "/user/sign_in" for 109.194.129.39 at Чтв Июл 14 13:31:28 +0400 2011
  Processing by SessionsController#create as HTML
  Parameters: {"commit"=>"Войти", "authenticity_token"=>"cGI68y+2WabOt8OU6+bZTEY3fvkQfacWG8Ed3HJ+jao=", "utf8"=>"✓", "user"=>{"remember_me"=>"0", "username"=>"admin", "password"=>"[FILTERED]"}}
Redirected to http://erevan-restoran.ru/
Completed 302 Found in 131ms


Started GET "/" for 109.194.129.39 at Чтв Июл 14 13:31:28 +0400 2011
  Processing by PagesController#home as HTML
Rendered pages/_cont.haml (0.2ms)
Rendered shared/_user_nav.haml (2.5ms)
Rendered shared/_audio.haml (0.3ms)
Rendered shared/_menu.haml (0.1ms)
Rendered shared/_slider.haml (5.1ms)
Rendered pages/home.haml within layouts/application_h (12.8ms)
Completed 200 OK in 16ms (Views: 13.1ms | ActiveRecord: 0.9ms)


Started GET "/shashlyk" for 109.194.129.39 at Чтв Июл 14 13:31:30 +0400 2011
  Processing by PagesController#shashlyk as HTML
Rendered pages/_cont.haml (0.2ms)
Rendered shared/_shashlyk.haml (7.5ms)
Rendered shared/_user_nav.haml (1.8ms)
Rendered shared/_audio.haml (0.1ms)
Rendered shared/_menu.haml (0.1ms)
Rendered shared/_slider.haml (2.1ms)
Rendered pages/shashlyk.haml within layouts/application_s (24.7ms)
Completed 200 OK in 28ms (Views: 26.3ms | ActiveRecord: 0.7ms)


Started GET "/flowers" for 109.194.129.39 at Чтв Июл 14 13:31:32 +0400 2011
  Processing by MenusController#flowers as HTML
Rendered shared/_restaurant.haml (0.1ms)
Rendered shared/_user_nav.haml (1.5ms)
Rendered shared/_audio.haml (0.1ms)
Rendered shared/_menu.haml (0.1ms)
Rendered menus/flowers.erb within layouts/application_m (12.6ms)
Completed 200 OK in 15ms (Views: 12.9ms | ActiveRecord: 0.7ms)


Started POST "/cart_items" for 109.194.129.39 at Чтв Июл 14 13:31:34 +0400 2011
  Processing by CartItemsController#create as HTML
  Parameters: {"commit"=>"В корзину", "authenticity_token"=>"cGI68y+2WabOt8OU6+bZTEY3fvkQfacWG8Ed3HJ+jao=", "utf8"=>"✓", "cart_item"=>{"menu_id"=>"14"}}
Redirected to http://erevan-restoran.ru/flowers#14
Completed 302 Found in 124ms


Started GET "/flowers" for 109.194.129.39 at Чтв Июл 14 13:31:34 +0400 2011
  Processing by MenusController#flowers as HTML
Rendered shared/_restaurant.haml (0.2ms)
Rendered shared/_user_nav.haml (2.3ms)
Rendered shared/_audio.haml (0.1ms)
Rendered shared/_menu.haml (0.1ms)
Rendered menus/flowers.erb within layouts/application_m (88.1ms)
Completed 200 OK in 91ms (Views: 88.4ms | ActiveRecord: 1.7ms)


Started POST "/cart_items" for 109.194.129.39 at Чтв Июл 14 13:31:35 +0400 2011
  Processing by CartItemsController#create as HTML
  Parameters: {"commit"=>"В корзину", "authenticity_token"=>"cGI68y+2WabOt8OU6+bZTEY3fvkQfacWG8Ed3HJ+jao=", "utf8"=>"✓", "cart_item"=>{"menu_id"=>"15"}}
Redirected to http://erevan-restoran.ru/flowers#15
Completed 302 Found in 14ms


Started GET "/flowers" for 109.194.129.39 at Чтв Июл 14 13:31:35 +0400 2011
  Processing by MenusController#flowers as HTML
Rendered shared/_restaurant.haml (0.1ms)
Rendered shared/_user_nav.haml (1.7ms)
Rendered shared/_audio.haml (0.1ms)
Rendered shared/_menu.haml (0.1ms)
Rendered menus/flowers.erb within layouts/application_m (14.5ms)
Completed 200 OK in 17ms (Views: 14.9ms | ActiveRecord: 1.6ms)


Started GET "/cart" for 109.194.129.39 at Чтв Июл 14 13:31:38 +0400 2011
  Processing by CartsController#show as HTML
Rendered shared/_user_nav.haml (0.6ms)
Rendered shared/_audio.haml (0.1ms)
Rendered shared/_menu.haml (0.1ms)
Rendered carts/show.erb within layouts/application_m (10.7ms)
Completed 200 OK in 15ms (Views: 12.0ms | ActiveRecord: 0.9ms)


Started GET "/cart/profile" for 109.194.129.39 at Чтв Июл 14 13:31:40 +0400 2011
  Processing by CartsController#profile as HTML
Rendered shared/_user_nav.haml (0.6ms)
Rendered shared/_audio.haml (0.1ms)
Rendered shared/_menu.haml (0.1ms)
Rendered carts/profile.haml within layouts/application_m (7.9ms)
Completed 200 OK in 11ms (Views: 9.1ms | ActiveRecord: 0.4ms)


Started POST "/carts/2" for 109.194.129.39 at Чтв Июл 14 13:31:41 +0400 2011
  Processing by CartsController#update as HTML
  Parameters: {"cart"=>{"decorated"=>"1"}, "commit"=>"Оформить", "authenticity_token"=>"cGI68y+2WabOt8OU6+bZTEY3fvkQfacWG8Ed3HJ+jao=", "utf8"=>"✓", "id"=>"2"}
Redirected to http://erevan-restoran.ru/cart/send
Completed 302 Found in 5ms


Started GET "/cart/send" for 109.194.129.39 at Чтв Июл 14 13:31:42 +0400 2011
  Processing by CartsController#send_email as HTML
Rendered cart_mailer/cart_confirmation.erb (3.2ms)

Sent mail to maxstbn@gmail.com (96ms)
Redirected to http://erevan-restoran.ru/cart/destroy
Completed 302 Found in 827ms


Started GET "/cart/destroy" for 109.194.129.39 at Чтв Июл 14 13:31:42 +0400 2011
  Processing by CartsController#destroy as HTML
Redirected to http://erevan-restoran.ru/
Completed 302 Found in 33ms


Started GET "/" for 109.194.129.39 at Чтв Июл 14 13:31:43 +0400 2011
  Processing by PagesController#home as HTML
Rendered pages/_cont.haml (0.2ms)
Rendered shared/_user_nav.haml (1.7ms)
Rendered shared/_audio.haml (0.1ms)
Rendered shared/_menu.haml (0.1ms)
Rendered shared/_slider.haml (3.3ms)
Rendered pages/home.haml within layouts/application_h (7.8ms)
Completed 200 OK in 10ms (Views: 8.0ms | ActiveRecord: 3.2ms)


Started GET "/user/edit" for 109.194.129.39 at Чтв Июл 14 13:31:47 +0400 2011
  Processing by Devise::RegistrationsController#edit as HTML
Rendered shared/_user_nav.haml (0.7ms)
Rendered shared/_audio.haml (0.1ms)
Rendered shared/_menu.haml (0.1ms)
Rendered devise/registrations/edit.html.erb within layouts/application (7.7ms)
Completed 200 OK in 13ms (Views: 11.4ms | ActiveRecord: 0.3ms)


Started POST "/user" for 109.194.129.39 at Чтв Июл 14 13:32:01 +0400 2011
  Processing by Devise::RegistrationsController#update as HTML
  Parameters: {"commit"=>"Обновить", "authenticity_token"=>"cGI68y+2WabOt8OU6+bZTEY3fvkQfacWG8Ed3HJ+jao=", "utf8"=>"✓", "user"=>{"name"=>"максим", "password_confirmation"=>"[FILTERED]", "current_password"=>"[FILTERED]", "lastname"=>"анатольевич", "phone"=>"453421", "password"=>"[FILTERED]", "surname"=>"Столбухин", "email"=>"maxstbn@gmail.com"}}
Redirected to http://erevan-restoran.ru/
Completed 302 Found in 474ms


Started GET "/" for 109.194.129.39 at Чтв Июл 14 13:32:01 +0400 2011
  Processing by PagesController#home as HTML
Rendered pages/_cont.haml (0.1ms)
Rendered shared/_user_nav.haml (1.5ms)
Rendered shared/_audio.haml (0.1ms)
Rendered shared/_menu.haml (0.1ms)
Rendered shared/_slider.haml (2.9ms)
Rendered pages/home.haml within layouts/application_h (7.2ms)
Completed 200 OK in 9ms (Views: 7.4ms | ActiveRecord: 0.6ms)


Started GET "/shashlyk" for 109.194.129.39 at Чтв Июл 14 13:32:03 +0400 2011
  Processing by PagesController#shashlyk as HTML
Rendered pages/_cont.haml (0.1ms)
Rendered shared/_shashlyk.haml (0.1ms)
Rendered shared/_user_nav.haml (1.4ms)
Rendered shared/_audio.haml (0.1ms)
Rendered shared/_menu.haml (0.1ms)
Rendered shared/_slider.haml (2.0ms)
Rendered pages/shashlyk.haml within layouts/application_s (6.3ms)
Completed 200 OK in 8ms (Views: 6.5ms | ActiveRecord: 0.6ms)


Started GET "/flowers" for 109.194.129.39 at Чтв Июл 14 13:32:05 +0400 2011
  Processing by MenusController#flowers as HTML
Rendered shared/_restaurant.haml (0.2ms)
Rendered shared/_user_nav.haml (2.0ms)
Rendered shared/_audio.haml (0.1ms)
Rendered shared/_menu.haml (0.1ms)
Rendered menus/flowers.erb within layouts/application_m (90.7ms)
Completed 200 OK in 93ms (Views: 90.9ms | ActiveRecord: 0.7ms)


Started POST "/cart_items" for 109.194.129.39 at Чтв Июл 14 13:32:07 +0400 2011
  Processing by CartItemsController#create as HTML
  Parameters: {"commit"=>"В корзину", "authenticity_token"=>"cGI68y+2WabOt8OU6+bZTEY3fvkQfacWG8Ed3HJ+jao=", "utf8"=>"✓", "cart_item"=>{"menu_id"=>"14"}}
Redirected to http://erevan-restoran.ru/flowers#14
Completed 302 Found in 12ms


Started GET "/flowers" for 109.194.129.39 at Чтв Июл 14 13:32:07 +0400 2011
  Processing by MenusController#flowers as HTML
Rendered shared/_restaurant.haml (0.1ms)
Rendered shared/_user_nav.haml (1.9ms)
Rendered shared/_audio.haml (0.1ms)
Rendered shared/_menu.haml (0.1ms)
Rendered menus/flowers.erb within layouts/application_m (14.9ms)
Completed 200 OK in 17ms (Views: 15.2ms | ActiveRecord: 1.8ms)


Started POST "/cart_items" for 109.194.129.39 at Чтв Июл 14 13:32:08 +0400 2011
  Processing by CartItemsController#create as HTML
  Parameters: {"commit"=>"В корзину", "authenticity_token"=>"cGI68y+2WabOt8OU6+bZTEY3fvkQfacWG8Ed3HJ+jao=", "utf8"=>"✓", "cart_item"=>{"menu_id"=>"15"}}
Redirected to http://erevan-restoran.ru/flowers#15
Completed 302 Found in 90ms


Started GET "/flowers" for 109.194.129.39 at Чтв Июл 14 13:32:09 +0400 2011
  Processing by MenusController#flowers as HTML
Rendered shared/_restaurant.haml (0.1ms)
Rendered shared/_user_nav.haml (1.7ms)
Rendered shared/_audio.haml (0.1ms)
Rendered shared/_menu.haml (0.1ms)
Rendered menus/flowers.erb within layouts/application_m (13.5ms)
Completed 200 OK in 16ms (Views: 13.7ms | ActiveRecord: 1.8ms)


Started GET "/cart" for 109.194.129.39 at Чтв Июл 14 13:32:11 +0400 2011
  Processing by CartsController#show as HTML
Rendered shared/_user_nav.haml (0.6ms)
Rendered shared/_audio.haml (0.1ms)
Rendered shared/_menu.haml (0.1ms)
Rendered carts/show.erb within layouts/application_m (9.1ms)
Completed 200 OK in 12ms (Views: 9.2ms | ActiveRecord: 0.9ms)


Started GET "/cart/profile" for 109.194.129.39 at Чтв Июл 14 13:32:12 +0400 2011
  Processing by CartsController#profile as HTML
Rendered shared/_user_nav.haml (0.7ms)
Rendered shared/_audio.haml (0.1ms)
Rendered shared/_menu.haml (0.1ms)
Rendered carts/profile.haml within layouts/application_m (4.8ms)
Completed 200 OK in 7ms (Views: 5.4ms | ActiveRecord: 0.4ms)


Started POST "/carts/2" for 109.194.129.39 at Чтв Июл 14 13:32:13 +0400 2011
  Processing by CartsController#update as HTML
  Parameters: {"cart"=>{"decorated"=>"1"}, "commit"=>"Оформить", "authenticity_token"=>"cGI68y+2WabOt8OU6+bZTEY3fvkQfacWG8Ed3HJ+jao=", "utf8"=>"✓", "id"=>"2"}
Redirected to http://erevan-restoran.ru/cart/send
Completed 302 Found in 6ms


Started GET "/cart/send" for 109.194.129.39 at Чтв Июл 14 13:32:13 +0400 2011
  Processing by CartsController#send_email as HTML
Rendered cart_mailer/cart_confirmation.erb (2.6ms)

Sent mail to maxstbn@gmail.com (60ms)
Redirected to http://erevan-restoran.ru/cart/destroy
Completed 302 Found in 610ms


Started GET "/cart/destroy" for 109.194.129.39 at Чтв Июл 14 13:32:14 +0400 2011
  Processing by CartsController#destroy as HTML
Redirected to http://erevan-restoran.ru/
Completed 302 Found in 8ms


Started GET "/" for 109.194.129.39 at Чтв Июл 14 13:32:14 +0400 2011
  Processing by PagesController#home as HTML
Rendered pages/_cont.haml (0.1ms)
Rendered shared/_user_nav.haml (1.4ms)
Rendered shared/_audio.haml (0.1ms)
Rendered shared/_menu.haml (0.1ms)
Rendered shared/_slider.haml (2.9ms)
Rendered pages/home.haml within layouts/application_h (7.0ms)
Completed 200 OK in 9ms (Views: 7.2ms | ActiveRecord: 3.1ms)


Started GET "/shashlyk" for 109.194.129.39 at Чтв Июл 14 13:32:30 +0400 2011
  Processing by PagesController#shashlyk as HTML
Rendered pages/_cont.haml (0.1ms)
Rendered shared/_shashlyk.haml (0.1ms)
Rendered shared/_user_nav.haml (1.4ms)
Rendered shared/_audio.haml (0.1ms)
Rendered shared/_menu.haml (0.1ms)
Rendered shared/_slider.haml (1.9ms)
Rendered pages/shashlyk.haml within layouts/application_s (6.1ms)
Completed 200 OK in 8ms (Views: 6.2ms | ActiveRecord: 0.5ms)


Started GET "/booking" for 109.194.129.39 at Чтв Июл 14 13:32:32 +0400 2011
  Processing by BookingsController#index as HTML
  Parameters: {"controllers"=>:bookings}
Rendered shared/_user_nav.haml (1.5ms)
Rendered shared/_audio.haml (0.1ms)
Rendered shared/_menu.haml (0.1ms)
Rendered bookings/index.haml within layouts/application_b (25.7ms)
Completed 200 OK in 30ms (Views: 27.8ms | ActiveRecord: 0.5ms)


Started POST "/booking" for 109.194.129.39 at Чтв Июл 14 13:32:41 +0400 2011
  Processing by BookingsController#create as HTML
  Parameters: {"commit"=>"Забронировать", "controllers"=>:bookings, "authenticity_token"=>"cGI68y+2WabOt8OU6+bZTEY3fvkQfacWG8Ed3HJ+jao=", "utf8"=>"✓", "booking"=>{"name"=>"Максим", "time"=>"8:00", "table"=>"1", "date"=>"20 сентября", "phone"=>"968956", "surname"=>"Столбухин", "patronymic"=>"Анатольевич"}}
Rendered booking_mailer/booking_confirmation.haml (65.8ms)

Sent mail to maxstbn@gmail.com (51ms)
Redirected to http://erevan-restoran.ru/booking
Completed 302 Found in 783ms


Started GET "/booking" for 109.194.129.39 at Чтв Июл 14 13:32:41 +0400 2011
  Processing by BookingsController#index as HTML
  Parameters: {"controllers"=>:bookings}
Rendered shared/_user_nav.haml (1.4ms)
Rendered shared/_audio.haml (0.1ms)
Rendered shared/_menu.haml (0.1ms)
Rendered bookings/index.haml within layouts/application_b (6.8ms)
Completed 200 OK in 8ms (Views: 7.1ms | ActiveRecord: 0.8ms)


Started GET "/booking" for 109.194.129.39 at Чтв Июл 14 13:35:49 +0400 2011
  Processing by BookingsController#index as HTML
  Parameters: {"controllers"=>:bookings}
Rendered shared/_user_nav.haml (21.9ms)
Rendered shared/_audio.haml (1.2ms)
Rendered shared/_menu.haml (10.4ms)
Rendered bookings/index.haml within layouts/application_b (81.7ms)
Completed 200 OK in 91ms (Views: 84.8ms | ActiveRecord: 2.3ms)


Started POST "/booking" for 109.194.129.39 at Чтв Июл 14 13:35:59 +0400 2011
  Processing by BookingsController#create as HTML
  Parameters: {"commit"=>"Забронировать", "controllers"=>:bookings, "authenticity_token"=>"cGI68y+2WabOt8OU6+bZTEY3fvkQfacWG8Ed3HJ+jao=", "utf8"=>"✓", "booking"=>{"name"=>"Максим", "time"=>"8:00", "table"=>"1", "date"=>"20 сентября", "phone"=>"968956", "surname"=>"Столбухин", "patronymic"=>"анатольевич"}}
Rendered booking_mailer/booking_confirmation.haml (6.0ms)

Sent mail to maxstbn@gmail.com (64ms)
Redirected to http://erevan-restoran.ru/booking
Completed 302 Found in 712ms


Started GET "/booking" for 109.194.129.39 at Чтв Июл 14 13:36:00 +0400 2011
  Processing by BookingsController#index as HTML
  Parameters: {"controllers"=>:bookings}
Rendered shared/_user_nav.haml (1.7ms)
Rendered shared/_audio.haml (0.1ms)
Rendered shared/_menu.haml (0.1ms)
Rendered bookings/index.haml within layouts/application_b (9.0ms)
Completed 200 OK in 11ms (Views: 9.4ms | ActiveRecord: 1.2ms)


Started POST "/booking" for 109.194.129.39 at Чтв Июл 14 13:38:58 +0400 2011
  Processing by BookingsController#create as HTML
  Parameters: {"commit"=>"Забронировать", "controllers"=>:bookings, "authenticity_token"=>"cGI68y+2WabOt8OU6+bZTEY3fvkQfacWG8Ed3HJ+jao=", "utf8"=>"✓", "booking"=>{"name"=>"Максим", "time"=>"8:00", "table"=>"1", "date"=>"20 сентября", "phone"=>"968956", "surname"=>"Столбухин", "patronymic"=>"Анатольевич"}}
Rendered booking_mailer/booking_confirmation.haml (0.3ms)

Sent mail to maxstbn@gmail.com (52ms)
Redirected to http://erevan-restoran.ru/booking
Completed 302 Found in 597ms


Started GET "/booking" for 109.194.129.39 at Чтв Июл 14 13:38:59 +0400 2011
  Processing by BookingsController#index as HTML
  Parameters: {"controllers"=>:bookings}
Rendered shared/_user_nav.haml (52.8ms)
Rendered shared/_audio.haml (0.1ms)
Rendered shared/_menu.haml (0.1ms)
Rendered bookings/index.haml within layouts/application_b (58.4ms)
Completed 200 OK in 60ms (Views: 58.6ms | ActiveRecord: 1.1ms)


Started GET "/booking" for 109.194.129.39 at Чтв Июл 14 13:39:40 +0400 2011
  Processing by BookingsController#index as HTML
  Parameters: {"controllers"=>:bookings}
Rendered shared/_user_nav.haml (2.0ms)
Rendered shared/_audio.haml (0.1ms)
Rendered shared/_menu.haml (0.1ms)
Rendered bookings/index.haml within layouts/application_b (8.6ms)
Completed 200 OK in 10ms (Views: 8.7ms | ActiveRecord: 0.8ms)


Started POST "/booking" for 109.194.129.39 at Чтв Июл 14 13:39:53 +0400 2011
  Processing by BookingsController#create as HTML
  Parameters: {"commit"=>"Забронировать", "controllers"=>:bookings, "authenticity_token"=>"cGI68y+2WabOt8OU6+bZTEY3fvkQfacWG8Ed3HJ+jao=", "utf8"=>"✓", "booking"=>{"name"=>"Максим", "time"=>"8:00", "table"=>"1", "date"=>"20 сентября", "phone"=>"968956", "surname"=>"Столбухин", "patronymic"=>"Анатольевич"}}
Rendered booking_mailer/booking_confirmation.haml (6.9ms)

Sent mail to maxstbn@gmail.com, erevan7777777@gmail.com, gab26@yandex.ru, maxstbn@yandex.ru (86ms)
Redirected to http://erevan-restoran.ru/booking
Completed 302 Found in 805ms


Started GET "/booking" for 109.194.129.39 at Чтв Июл 14 13:39:54 +0400 2011
  Processing by BookingsController#index as HTML
  Parameters: {"controllers"=>:bookings}
Rendered shared/_user_nav.haml (15.0ms)
Rendered shared/_audio.haml (1.0ms)
Rendered shared/_menu.haml (8.1ms)
Rendered bookings/index.haml within layouts/application_b (122.2ms)
Completed 200 OK in 126ms (Views: 124.3ms | ActiveRecord: 1.3ms)


Started GET "/shashlyk" for 109.194.129.39 at Чтв Июл 14 13:40:33 +0400 2011
  Processing by PagesController#shashlyk as HTML
Rendered pages/_cont.haml (0.9ms)
Rendered shared/_shashlyk.haml (5.2ms)
Rendered shared/_user_nav.haml (1.6ms)
Rendered shared/_audio.haml (0.1ms)
Rendered shared/_menu.haml (0.1ms)
Rendered shared/_slider.haml (64.1ms)
Rendered pages/shashlyk.haml within layouts/application_s (84.6ms)
Completed 200 OK in 94ms (Views: 86.4ms | ActiveRecord: 0.5ms)


Started GET "/flowers" for 109.194.129.39 at Чтв Июл 14 13:40:36 +0400 2011
  Processing by MenusController#flowers as HTML
Rendered shared/_restaurant.haml (6.9ms)
Rendered shared/_user_nav.haml (1.7ms)
Rendered shared/_audio.haml (0.1ms)
Rendered shared/_menu.haml (0.1ms)
Rendered menus/flowers.erb within layouts/application_m (41.3ms)
Completed 200 OK in 47ms (Views: 43.8ms | ActiveRecord: 0.6ms)


Started GET "/" for 109.194.129.39 at Чтв Июл 14 13:40:38 +0400 2011
  Processing by PagesController#home as HTML
Rendered pages/_cont.haml (0.1ms)
Rendered shared/_user_nav.haml (1.6ms)
Rendered shared/_audio.haml (0.1ms)
Rendered shared/_menu.haml (0.1ms)
Rendered shared/_slider.haml (2.8ms)
Rendered pages/home.haml within layouts/application_h (15.5ms)
Completed 200 OK in 19ms (Views: 17.1ms | ActiveRecord: 0.6ms)


Started GET "/" for 109.194.129.39 at Чтв Июл 14 13:50:11 +0400 2011
  Processing by PagesController#home as HTML
Rendered pages/_cont.haml (0.1ms)
Rendered shared/_user_nav.haml (1.6ms)
Rendered shared/_audio.haml (0.1ms)
Rendered shared/_menu.haml (0.1ms)
Rendered shared/_slider.haml (63.7ms)
Rendered pages/home.haml within layouts/application_h (67.9ms)
Completed 200 OK in 70ms (Views: 68.1ms | ActiveRecord: 0.6ms)


Started GET "/" for 109.194.129.39 at Чтв Июл 14 13:50:31 +0400 2011
  Processing by PagesController#home as HTML
Rendered pages/_cont.haml (0.2ms)
Rendered shared/_user_nav.haml (1.7ms)
Rendered shared/_audio.haml (0.1ms)
Rendered shared/_menu.haml (0.1ms)
Rendered shared/_slider.haml (3.7ms)
Rendered pages/home.haml within layouts/application_h (8.2ms)
Completed 200 OK in 10ms (Views: 8.4ms | ActiveRecord: 0.6ms)


Started GET "/" for 109.194.129.39 at Чтв Июл 14 13:51:17 +0400 2011
  Processing by PagesController#home as HTML
Rendered pages/_cont.haml (0.2ms)
Rendered shared/_user_nav.haml (1.6ms)
Rendered shared/_audio.haml (0.1ms)
Rendered shared/_menu.haml (0.1ms)
Rendered shared/_slider.haml (3.5ms)
Rendered pages/home.haml within layouts/application_h (8.0ms)
Completed 200 OK in 10ms (Views: 8.3ms | ActiveRecord: 0.6ms)


Started GET "/" for 109.194.129.39 at Чтв Июл 14 13:51:21 +0400 2011
  Processing by PagesController#home as HTML
Rendered pages/_cont.haml (0.2ms)
Rendered shared/_user_nav.haml (1.6ms)
Rendered shared/_audio.haml (0.1ms)
Rendered shared/_menu.haml (0.1ms)
Rendered shared/_slider.haml (3.3ms)
Rendered pages/home.haml within layouts/application_h (7.7ms)
Completed 200 OK in 9ms (Views: 7.9ms | ActiveRecord: 0.6ms)


Started GET "/" for 109.194.129.39 at Чтв Июл 14 13:51:25 +0400 2011
  Processing by PagesController#home as HTML
Rendered pages/_cont.haml (0.2ms)
Rendered shared/_user_nav.haml (1.5ms)
Rendered shared/_audio.haml (0.1ms)
Rendered shared/_menu.haml (0.1ms)
Rendered shared/_slider.haml (3.2ms)
Rendered pages/home.haml within layouts/application_h (7.4ms)
Completed 200 OK in 9ms (Views: 7.7ms | ActiveRecord: 0.6ms)


Started GET "/" for 109.194.129.39 at Чтв Июл 14 13:51:31 +0400 2011
  Processing by PagesController#home as HTML
Rendered pages/_cont.haml (0.1ms)
Rendered shared/_user_nav.haml (1.4ms)
Rendered shared/_audio.haml (0.1ms)
Rendered shared/_menu.haml (0.1ms)
Rendered shared/_slider.haml (2.9ms)
Rendered pages/home.haml within layouts/application_h (6.9ms)
Completed 200 OK in 9ms (Views: 7.0ms | ActiveRecord: 0.6ms)


Started GET "/" for 109.194.129.39 at Чтв Июл 14 13:51:33 +0400 2011
  Processing by PagesController#home as HTML
Rendered pages/_cont.haml (0.1ms)
Rendered shared/_user_nav.haml (1.7ms)
Rendered shared/_audio.haml (0.1ms)
Rendered shared/_menu.haml (0.1ms)
Rendered shared/_slider.haml (3.2ms)
Rendered pages/home.haml within layouts/application_h (7.6ms)
Completed 200 OK in 9ms (Views: 7.6ms | ActiveRecord: 0.7ms)


Started GET "/shashlyk" for 109.194.129.39 at Чтв Июл 14 13:51:35 +0400 2011
  Processing by PagesController#shashlyk as HTML
Rendered pages/_cont.haml (0.1ms)
Rendered shared/_shashlyk.haml (0.1ms)
Rendered shared/_user_nav.haml (1.6ms)
Rendered shared/_audio.haml (0.1ms)
Rendered shared/_menu.haml (0.1ms)
Rendered shared/_slider.haml (2.0ms)
Rendered pages/shashlyk.haml within layouts/application_s (6.4ms)
Completed 200 OK in 8ms (Views: 6.5ms | ActiveRecord: 0.6ms)


Started GET "/shashlyk" for 109.194.129.39 at Чтв Июл 14 13:51:38 +0400 2011
  Processing by PagesController#shashlyk as HTML
Rendered pages/_cont.haml (1.9ms)
Rendered shared/_shashlyk.haml (10.3ms)
Rendered shared/_user_nav.haml (22.1ms)
Rendered shared/_audio.haml (1.5ms)
Rendered shared/_menu.haml (11.4ms)
Rendered shared/_slider.haml (85.3ms)
Rendered pages/shashlyk.haml within layouts/application_s (158.8ms)
Completed 200 OK in 203ms (Views: 168.4ms | ActiveRecord: 1.2ms)


Started GET "/admin" for 109.194.129.39 at Чтв Июл 14 13:54:23 +0400 2011
  Processing by Admin::BookingsController#index as HTML
Completed 401 Unauthorized in 0ms


Started GET "/admin" for 109.194.129.39 at Чтв Июл 14 13:54:37 +0400 2011
  Processing by Admin::BookingsController#index as HTML
Completed 401 Unauthorized in 0ms


Started GET "/" for 109.194.129.39 at Чтв Июл 14 13:54:50 +0400 2011
  Processing by PagesController#home as HTML
Rendered pages/_cont.haml (1.3ms)
Rendered shared/_user_nav.haml (14.3ms)
Rendered shared/_audio.haml (1.1ms)
Rendered shared/_menu.haml (8.3ms)
Rendered shared/_slider.haml (9.1ms)
Rendered pages/home.haml within layouts/application_h (51.5ms)
Completed 200 OK in 83ms (Views: 53.8ms | ActiveRecord: 0.8ms)


Started GET "/contacts" for 109.194.129.39 at Чтв Июл 14 13:54:52 +0400 2011
  Processing by PagesController#contacts as HTML
Rendered shared/_user_nav.haml (1.7ms)
Rendered shared/_audio.haml (0.1ms)
Rendered shared/_menu.haml (0.1ms)
Rendered pages/contacts.erb within layouts/application_с (13.0ms)
Completed 200 OK in 99ms (Views: 98.1ms | ActiveRecord: 0.5ms)


Started GET "/contacts" for 109.194.129.39 at Чтв Июл 14 14:02:12 +0400 2011
  Processing by PagesController#contacts as HTML
Rendered shared/_user_nav.haml (1.5ms)
Rendered shared/_audio.haml (0.1ms)
Rendered shared/_menu.haml (0.1ms)
Rendered pages/contacts.erb within layouts/application_с (3.7ms)
Completed 200 OK in 5ms (Views: 4.0ms | ActiveRecord: 0.4ms)


Started GET "/" for 109.194.129.39 at Чтв Июл 14 14:02:36 +0400 2011
  Processing by PagesController#home as HTML
Rendered pages/_cont.haml (0.2ms)
Rendered shared/_user_nav.haml (0.9ms)
Rendered shared/_audio.haml (0.1ms)
Rendered shared/_menu.haml (0.1ms)
Rendered shared/_slider.haml (3.3ms)
Rendered pages/home.haml within layouts/application_h (6.9ms)
Completed 200 OK in 9ms (Views: 7.3ms | ActiveRecord: 0.4ms)


Started GET "/contacts" for 109.194.129.39 at Чтв Июл 14 14:06:28 +0400 2011
  Processing by PagesController#contacts as HTML
Rendered shared/_user_nav.haml (1.4ms)
Rendered shared/_audio.haml (0.1ms)
Rendered shared/_menu.haml (0.1ms)
Rendered pages/contacts.erb within layouts/application_с (3.7ms)
Completed 200 OK in 5ms (Views: 4.0ms | ActiveRecord: 0.4ms)


Started GET "/contacts" for 109.194.129.39 at Чтв Июл 14 14:06:30 +0400 2011
  Processing by PagesController#contacts as HTML
Rendered shared/_user_nav.haml (1.5ms)
Rendered shared/_audio.haml (0.1ms)
Rendered shared/_menu.haml (0.1ms)
Rendered pages/contacts.erb within layouts/application_с (3.7ms)
Completed 200 OK in 5ms (Views: 4.0ms | ActiveRecord: 0.4ms)


Started GET "/contacts" for 109.194.129.39 at Чтв Июл 14 14:06:37 +0400 2011
  Processing by PagesController#contacts as HTML
Rendered shared/_user_nav.haml (2.0ms)
Rendered shared/_audio.haml (0.1ms)
Rendered shared/_menu.haml (0.1ms)
Rendered pages/contacts.erb within layouts/application_с (5.3ms)
Completed 200 OK in 7ms (Views: 5.7ms | ActiveRecord: 0.5ms)


Started GET "/contacts" for 109.194.129.39 at Чтв Июл 14 14:06:40 +0400 2011
  Processing by PagesController#contacts as HTML
Rendered shared/_yandex.erb (0.5ms)
Rendered shared/_user_nav.haml (18.9ms)
Rendered shared/_audio.haml (1.6ms)
Rendered shared/_menu.haml (10.1ms)
Rendered pages/contacts.erb within layouts/application_с (59.3ms)
Completed 200 OK in 76ms (Views: 70.8ms | ActiveRecord: 0.7ms)


Started GET "/contacts" for 109.194.129.39 at Чтв Июл 14 14:06:44 +0400 2011
  Processing by PagesController#contacts as HTML
Rendered shared/_yandex.erb (0.1ms)
Rendered shared/_user_nav.haml (2.4ms)
Rendered shared/_audio.haml (0.1ms)
Rendered shared/_menu.haml (0.1ms)
Rendered pages/contacts.erb within layouts/application_с (6.5ms)
Completed 200 OK in 10ms (Views: 7.1ms | ActiveRecord: 0.7ms)


Started GET "/contacts" for 109.194.129.39 at Чтв Июл 14 14:06:52 +0400 2011
  Processing by PagesController#contacts as HTML
Rendered shared/_yandex.erb (0.1ms)
Rendered shared/_user_nav.haml (1.6ms)
Rendered shared/_audio.haml (0.1ms)
Rendered shared/_menu.haml (0.1ms)
Rendered pages/contacts.erb within layouts/application_с (4.3ms)
Completed 200 OK in 6ms (Views: 4.6ms | ActiveRecord: 0.5ms)


Started GET "/contacts" for 109.194.129.39 at Чтв Июл 14 14:07:20 +0400 2011
  Processing by PagesController#contacts as HTML
Rendered shared/_yandex.erb (0.1ms)
Rendered shared/_user_nav.haml (1.4ms)
Rendered shared/_audio.haml (0.1ms)
Rendered shared/_menu.haml (0.1ms)
Rendered pages/contacts.erb within layouts/application_с (3.9ms)
Completed 200 OK in 5ms (Views: 4.3ms | ActiveRecord: 0.4ms)


Started GET "/contacts" for 109.194.129.39 at Чтв Июл 14 14:07:55 +0400 2011
  Processing by PagesController#contacts as HTML
Rendered shared/_yandex.erb (0.1ms)
Rendered shared/_user_nav.haml (1.5ms)
Rendered shared/_audio.haml (0.1ms)
Rendered shared/_menu.haml (0.1ms)
Rendered pages/contacts.erb within layouts/application_с (4.1ms)
Completed 200 OK in 6ms (Views: 4.4ms | ActiveRecord: 0.4ms)


Started GET "/contacts" for 109.194.129.39 at Чтв Июл 14 14:09:57 +0400 2011
  Processing by PagesController#contacts as HTML
Rendered shared/_yandex.erb (0.1ms)
Rendered shared/_user_nav.haml (1.4ms)
Rendered shared/_audio.haml (0.1ms)
Rendered shared/_menu.haml (0.1ms)
Rendered pages/contacts.erb within layouts/application_с (3.8ms)
Completed 200 OK in 5ms (Views: 4.1ms | ActiveRecord: 0.4ms)


Started GET "/contacts" for 109.194.129.39 at Чтв Июл 14 14:10:00 +0400 2011
  Processing by PagesController#contacts as HTML
Rendered shared/_yandex.erb (0.1ms)
Rendered shared/_user_nav.haml (1.6ms)
Rendered shared/_audio.haml (0.1ms)
Rendered shared/_menu.haml (0.1ms)
Rendered pages/contacts.erb within layouts/application_с (4.2ms)
Completed 200 OK in 6ms (Views: 4.5ms | ActiveRecord: 0.4ms)


Started GET "/contacts" for 109.194.129.39 at Чтв Июл 14 14:10:03 +0400 2011
  Processing by PagesController#contacts as HTML
Rendered shared/_yandex.erb (0.1ms)
Rendered shared/_user_nav.haml (1.6ms)
Rendered shared/_audio.haml (0.1ms)
Rendered shared/_menu.haml (0.1ms)
Rendered pages/contacts.erb within layouts/application_с (4.2ms)
Completed 200 OK in 6ms (Views: 4.6ms | ActiveRecord: 0.4ms)


Started GET "/contacts" for 109.194.129.39 at Чтв Июл 14 14:10:21 +0400 2011
  Processing by PagesController#contacts as HTML
Rendered shared/_yandex.erb (0.1ms)
Rendered shared/_user_nav.haml (1.5ms)
Rendered shared/_audio.haml (0.1ms)
Rendered shared/_menu.haml (0.1ms)
Rendered pages/contacts.erb within layouts/application_с (4.0ms)
Completed 200 OK in 6ms (Views: 4.3ms | ActiveRecord: 0.4ms)


Started GET "/contacts" for 109.194.129.39 at Чтв Июл 14 14:10:49 +0400 2011
  Processing by PagesController#contacts as HTML
Rendered shared/_yandex.erb (0.3ms)
Rendered shared/_user_nav.haml (14.2ms)
Rendered shared/_audio.haml (1.0ms)
Rendered shared/_menu.haml (7.7ms)
Rendered pages/contacts.erb within layouts/application_с (44.1ms)
Completed 200 OK in 51ms (Views: 46.7ms | ActiveRecord: 0.6ms)


Started GET "/contacts" for 109.194.129.39 at Чтв Июл 14 14:10:57 +0400 2011
  Processing by PagesController#contacts as HTML
Rendered shared/_yandex.erb (0.1ms)
Rendered shared/_user_nav.haml (1.4ms)
Rendered shared/_audio.haml (0.1ms)
Rendered shared/_menu.haml (0.1ms)
Rendered pages/contacts.erb within layouts/application_с (3.9ms)
Completed 200 OK in 5ms (Views: 4.2ms | ActiveRecord: 0.4ms)


Started GET "/contacts" for 109.194.129.39 at Чтв Июл 14 14:14:06 +0400 2011
  Processing by PagesController#contacts as HTML
Rendered shared/_yandex.erb (0.1ms)
Rendered shared/_user_nav.haml (1.4ms)
Rendered shared/_audio.haml (0.1ms)
Rendered shared/_menu.haml (0.1ms)
Rendered pages/contacts.erb within layouts/application_с (3.9ms)
Completed 200 OK in 5ms (Views: 4.2ms | ActiveRecord: 0.4ms)


Started GET "/contacts" for 109.194.129.39 at Чтв Июл 14 14:14:08 +0400 2011
  Processing by PagesController#contacts as HTML
Rendered shared/_yandex.erb (0.1ms)
Rendered shared/_user_nav.haml (1.4ms)
Rendered shared/_audio.haml (0.1ms)
Rendered shared/_menu.haml (0.1ms)
Rendered pages/contacts.erb within layouts/application_с (3.8ms)
Completed 200 OK in 5ms (Views: 4.1ms | ActiveRecord: 0.4ms)


Started GET "/contacts" for 109.194.129.39 at Чтв Июл 14 14:14:16 +0400 2011
  Processing by PagesController#contacts as HTML
Rendered shared/_yandex.erb (0.1ms)
Rendered shared/_user_nav.haml (1.4ms)
Rendered shared/_audio.haml (0.1ms)
Rendered shared/_menu.haml (0.1ms)
Rendered pages/contacts.erb within layouts/application_с (3.8ms)
Completed 200 OK in 5ms (Views: 4.1ms | ActiveRecord: 0.4ms)


Started GET "/contacts" for 109.194.129.39 at Чтв Июл 14 14:14:19 +0400 2011
  Processing by PagesController#contacts as HTML
Rendered shared/_yandex.erb (0.1ms)
Rendered shared/_user_nav.haml (1.5ms)
Rendered shared/_audio.haml (0.1ms)
Rendered shared/_menu.haml (0.1ms)
Rendered pages/contacts.erb within layouts/application_с (3.9ms)
Completed 200 OK in 5ms (Views: 4.2ms | ActiveRecord: 0.4ms)


Started GET "/contacts" for 109.194.129.39 at Чтв Июл 14 14:14:22 +0400 2011
  Processing by PagesController#contacts as HTML
Rendered shared/_yandex.erb (0.3ms)
Rendered shared/_user_nav.haml (14.2ms)
Rendered shared/_audio.haml (0.9ms)
Rendered shared/_menu.haml (7.8ms)
Rendered pages/contacts.erb within layouts/application_с (44.9ms)
Completed 200 OK in 53ms (Views: 47.7ms | ActiveRecord: 0.6ms)


Started GET "/contacts" for 109.194.129.39 at Чтв Июл 14 14:14:24 +0400 2011
  Processing by PagesController#contacts as HTML
Rendered shared/_yandex.erb (0.1ms)
Rendered shared/_user_nav.haml (1.5ms)
Rendered shared/_audio.haml (0.1ms)
Rendered shared/_menu.haml (0.1ms)
Rendered pages/contacts.erb within layouts/application_с (4.1ms)
Completed 200 OK in 6ms (Views: 4.5ms | ActiveRecord: 0.4ms)


Started GET "/contacts" for 109.194.129.39 at Чтв Июл 14 14:14:30 +0400 2011
  Processing by PagesController#contacts as HTML
Rendered shared/_yandex.erb (0.1ms)
Rendered shared/_user_nav.haml (1.4ms)
Rendered shared/_audio.haml (0.1ms)
Rendered shared/_menu.haml (0.1ms)
Rendered pages/contacts.erb within layouts/application_с (4.0ms)
Completed 200 OK in 6ms (Views: 4.3ms | ActiveRecord: 0.4ms)


Started GET "/" for 109.194.129.39 at Чтв Июл 14 14:14:36 +0400 2011
  Processing by PagesController#home as HTML
Rendered pages/_cont.haml (1.0ms)
Rendered shared/_user_nav.haml (1.7ms)
Rendered shared/_audio.haml (0.1ms)
Rendered shared/_menu.haml (0.1ms)
Rendered shared/_slider.haml (9.0ms)
Rendered pages/home.haml within layouts/application_h (88.7ms)
Completed 200 OK in 96ms (Views: 90.3ms | ActiveRecord: 0.6ms)


Started GET "/contacts" for 109.194.129.39 at Чтв Июл 14 14:14:38 +0400 2011
  Processing by PagesController#contacts as HTML
Rendered shared/_yandex.erb (0.1ms)
Rendered shared/_user_nav.haml (1.5ms)
Rendered shared/_audio.haml (0.1ms)
Rendered shared/_menu.haml (0.1ms)
Rendered pages/contacts.erb within layouts/application_с (4.1ms)
Completed 200 OK in 6ms (Views: 4.4ms | ActiveRecord: 0.4ms)


Started GET "/contacts" for 109.194.129.39 at Чтв Июл 14 14:15:50 +0400 2011
  Processing by PagesController#contacts as HTML
Rendered shared/_yandex.erb (0.1ms)
Rendered shared/_user_nav.haml (1.4ms)
Rendered shared/_audio.haml (0.1ms)
Rendered shared/_menu.haml (0.1ms)
Rendered pages/contacts.erb within layouts/application_с (3.8ms)
Completed 200 OK in 5ms (Views: 4.1ms | ActiveRecord: 0.4ms)


Started GET "/contacts" for 109.194.129.39 at Чтв Июл 14 14:15:53 +0400 2011
  Processing by PagesController#contacts as HTML
Rendered shared/_yandex.erb (0.3ms)
Rendered shared/_user_nav.haml (14.3ms)
Rendered shared/_audio.haml (1.0ms)
Rendered shared/_menu.haml (7.8ms)
Rendered pages/contacts.erb within layouts/application_с (46.2ms)
Completed 200 OK in 54ms (Views: 48.9ms | ActiveRecord: 0.6ms)


Started GET "/contacts" for 109.194.129.39 at Чтв Июл 14 14:15:56 +0400 2011
  Processing by PagesController#contacts as HTML
Rendered shared/_yandex.erb (0.1ms)
Rendered shared/_user_nav.haml (1.6ms)
Rendered shared/_audio.haml (0.1ms)
Rendered shared/_menu.haml (0.1ms)
Rendered pages/contacts.erb within layouts/application_с (4.3ms)
Completed 200 OK in 6ms (Views: 4.6ms | ActiveRecord: 0.5ms)


Started GET "/contacts" for 109.194.129.39 at Чтв Июл 14 14:16:01 +0400 2011
  Processing by PagesController#contacts as HTML
Rendered shared/_yandex.erb (0.1ms)
Rendered shared/_user_nav.haml (1.4ms)
Rendered shared/_audio.haml (0.1ms)
Rendered shared/_menu.haml (0.1ms)
Rendered pages/contacts.erb within layouts/application_с (3.9ms)
Completed 200 OK in 5ms (Views: 4.2ms | ActiveRecord: 0.4ms)


Started GET "/contacts" for 109.194.129.39 at Чтв Июл 14 14:16:13 +0400 2011
  Processing by PagesController#contacts as HTML
Rendered shared/_yandex.erb (0.1ms)
Rendered shared/_user_nav.haml (1.4ms)
Rendered shared/_audio.haml (0.1ms)
Rendered shared/_menu.haml (0.1ms)
Rendered pages/contacts.erb within layouts/application_с (3.9ms)
Completed 200 OK in 5ms (Views: 4.2ms | ActiveRecord: 0.4ms)


Started GET "/contacts" for 109.194.129.39 at Чтв Июл 14 14:17:17 +0400 2011
  Processing by PagesController#contacts as HTML
Rendered shared/_yandex.erb (0.1ms)
Rendered shared/_user_nav.haml (1.9ms)
Rendered shared/_audio.haml (0.1ms)
Rendered shared/_menu.haml (0.1ms)
Rendered pages/contacts.erb within layouts/application_с (21.2ms)
Completed 200 OK in 43ms (Views: 21.5ms | ActiveRecord: 20.7ms)


Started GET "/contacts" for 109.194.129.39 at Чтв Июл 14 14:17:53 +0400 2011
  Processing by PagesController#contacts as HTML
Rendered shared/_yandex.erb (0.1ms)
Rendered shared/_user_nav.haml (1.7ms)
Rendered shared/_audio.haml (0.1ms)
Rendered shared/_menu.haml (0.1ms)
Rendered pages/contacts.erb within layouts/application_с (4.5ms)
Completed 200 OK in 6ms (Views: 4.8ms | ActiveRecord: 0.5ms)


Started GET "/contacts" for 109.194.129.39 at Чтв Июл 14 14:18:36 +0400 2011
  Processing by PagesController#contacts as HTML
Rendered shared/_yandex.erb (0.1ms)
Rendered shared/_user_nav.haml (1.7ms)
Rendered shared/_audio.haml (0.1ms)
Rendered shared/_menu.haml (0.1ms)
Rendered pages/contacts.erb within layouts/application_с (4.6ms)
Completed 200 OK in 6ms (Views: 5.0ms | ActiveRecord: 0.4ms)


Started GET "/contacts" for 109.194.129.39 at Чтв Июл 14 14:18:39 +0400 2011
  Processing by PagesController#contacts as HTML
Rendered shared/_yandex.erb (0.1ms)
Rendered shared/_user_nav.haml (1.8ms)
Rendered shared/_audio.haml (0.1ms)
Rendered shared/_menu.haml (0.1ms)
Rendered pages/contacts.erb within layouts/application_с (4.8ms)
Completed 200 OK in 7ms (Views: 5.4ms | ActiveRecord: 0.5ms)


Started GET "/" for 109.194.129.39 at Чтв Июл 14 14:18:41 +0400 2011
  Processing by PagesController#home as HTML
Rendered pages/_cont.haml (1.3ms)
Rendered shared/_user_nav.haml (1.8ms)
Rendered shared/_audio.haml (0.1ms)
Rendered shared/_menu.haml (0.1ms)
Rendered shared/_slider.haml (247.1ms)
Rendered pages/home.haml within layouts/application_h (315.6ms)
Completed 200 OK in 1133ms (Views: 490.2ms | ActiveRecord: 251.6ms)


Started GET "/contacts" for 109.194.129.39 at Чтв Июл 14 14:18:45 +0400 2011
  Processing by PagesController#contacts as HTML
Rendered shared/_yandex.erb (0.4ms)
Rendered shared/_user_nav.haml (18.0ms)
Rendered shared/_audio.haml (1.1ms)
Rendered shared/_menu.haml (8.1ms)
Rendered pages/contacts.erb within layouts/application_с (172.0ms)
Completed 200 OK in 322ms (Views: 184.9ms | ActiveRecord: 0.7ms)


Started GET "/contacts" for 109.194.129.39 at Чтв Июл 14 14:24:19 +0400 2011
  Processing by PagesController#contacts as HTML
Rendered shared/_yandex.erb (0.1ms)
Rendered shared/_user_nav.haml (1.9ms)
Rendered shared/_audio.haml (0.1ms)
Rendered shared/_menu.haml (0.1ms)
Rendered pages/contacts.erb within layouts/application_с (5.2ms)
Completed 200 OK in 8ms (Views: 5.8ms | ActiveRecord: 0.7ms)


Started GET "/" for 109.194.129.39 at Чтв Июл 14 14:24:27 +0400 2011
  Processing by PagesController#home as HTML
Rendered pages/_cont.haml (1.5ms)
Rendered shared/_user_nav.haml (3.2ms)
Rendered shared/_audio.haml (0.2ms)
Rendered shared/_menu.haml (0.2ms)
Rendered shared/_slider.haml (18.0ms)
Rendered pages/home.haml within layouts/application_h (137.6ms)
Completed 200 OK in 147ms (Views: 139.5ms | ActiveRecord: 1.1ms)


Started GET "/admin" for 109.194.129.39 at Чтв Июл 14 14:24:33 +0400 2011
  Processing by Admin::BookingsController#index as HTML
Completed 401 Unauthorized in 0ms


Started GET "/admin" for 109.194.129.39 at Чтв Июл 14 14:25:06 +0400 2011
  Processing by Admin::BookingsController#index as HTML
Rendered admin/bookings/index.haml within layouts/admin (39.0ms)
Completed 200 OK in 309ms (Views: 302.9ms | ActiveRecord: 1.1ms)


Started POST "/admin/16" for 109.194.129.39 at Чтв Июл 14 14:25:11 +0400 2011
  Processing by Admin::BookingsController#destroy as HTML
  Parameters: {"authenticity_token"=>"cGI68y+2WabOt8OU6+bZTEY3fvkQfacWG8Ed3HJ+jao=", "id"=>"16"}
Redirected to http://erevan-restoran.ru/admin
Completed 302 Found in 767ms


Started GET "/admin" for 109.194.129.39 at Чтв Июл 14 14:25:12 +0400 2011
  Processing by Admin::BookingsController#index as HTML
Rendered admin/bookings/index.haml within layouts/admin (5.6ms)
Completed 200 OK in 8ms (Views: 6.1ms | ActiveRecord: 0.9ms)


Started POST "/admin/15" for 109.194.129.39 at Чтв Июл 14 14:25:14 +0400 2011
  Processing by Admin::BookingsController#destroy as HTML
  Parameters: {"authenticity_token"=>"cGI68y+2WabOt8OU6+bZTEY3fvkQfacWG8Ed3HJ+jao=", "id"=>"15"}
Redirected to http://erevan-restoran.ru/admin
Completed 302 Found in 7ms


Started GET "/admin" for 109.194.129.39 at Чтв Июл 14 14:25:14 +0400 2011
  Processing by Admin::BookingsController#index as HTML
Rendered admin/bookings/index.haml within layouts/admin (5.3ms)
Completed 200 OK in 8ms (Views: 5.8ms | ActiveRecord: 1.0ms)


Started POST "/admin/14" for 109.194.129.39 at Чтв Июл 14 14:25:15 +0400 2011
  Processing by Admin::BookingsController#destroy as HTML
  Parameters: {"authenticity_token"=>"cGI68y+2WabOt8OU6+bZTEY3fvkQfacWG8Ed3HJ+jao=", "id"=>"14"}
Redirected to http://erevan-restoran.ru/admin
Completed 302 Found in 4ms


Started GET "/admin" for 109.194.129.39 at Чтв Июл 14 14:25:15 +0400 2011
  Processing by Admin::BookingsController#index as HTML
Rendered admin/bookings/index.haml within layouts/admin (5.0ms)
Completed 200 OK in 7ms (Views: 5.6ms | ActiveRecord: 0.9ms)


Started POST "/admin/13" for 109.194.129.39 at Чтв Июл 14 14:25:17 +0400 2011
  Processing by Admin::BookingsController#destroy as HTML
  Parameters: {"authenticity_token"=>"cGI68y+2WabOt8OU6+bZTEY3fvkQfacWG8Ed3HJ+jao=", "id"=>"13"}
Redirected to http://erevan-restoran.ru/admin
Completed 302 Found in 64ms


Started GET "/admin" for 109.194.129.39 at Чтв Июл 14 14:25:17 +0400 2011
  Processing by Admin::BookingsController#index as HTML
Rendered admin/bookings/index.haml within layouts/admin (4.9ms)
Completed 200 OK in 7ms (Views: 5.6ms | ActiveRecord: 0.9ms)


Started POST "/admin/12" for 109.194.129.39 at Чтв Июл 14 14:25:18 +0400 2011
  Processing by Admin::BookingsController#destroy as HTML
  Parameters: {"authenticity_token"=>"cGI68y+2WabOt8OU6+bZTEY3fvkQfacWG8Ed3HJ+jao=", "id"=>"12"}
Redirected to http://erevan-restoran.ru/admin
Completed 302 Found in 4ms


Started GET "/admin" for 109.194.129.39 at Чтв Июл 14 14:25:18 +0400 2011
  Processing by Admin::BookingsController#index as HTML
Rendered admin/bookings/index.haml within layouts/admin (4.6ms)
Completed 200 OK in 7ms (Views: 5.3ms | ActiveRecord: 0.8ms)


Started POST "/admin/9" for 109.194.129.39 at Чтв Июл 14 14:25:20 +0400 2011
  Processing by Admin::BookingsController#destroy as HTML
  Parameters: {"authenticity_token"=>"cGI68y+2WabOt8OU6+bZTEY3fvkQfacWG8Ed3HJ+jao=", "id"=>"9"}
Redirected to http://erevan-restoran.ru/admin
Completed 302 Found in 12ms


Started GET "/admin" for 109.194.129.39 at Чтв Июл 14 14:25:20 +0400 2011
  Processing by Admin::BookingsController#index as HTML
Rendered admin/bookings/index.haml within layouts/admin (5.0ms)
Completed 200 OK in 7ms (Views: 5.7ms | ActiveRecord: 0.8ms)


Started POST "/admin/8" for 109.194.129.39 at Чтв Июл 14 14:25:21 +0400 2011
  Processing by Admin::BookingsController#destroy as HTML
  Parameters: {"authenticity_token"=>"cGI68y+2WabOt8OU6+bZTEY3fvkQfacWG8Ed3HJ+jao=", "id"=>"8"}
Redirected to http://erevan-restoran.ru/admin
Completed 302 Found in 3ms


Started GET "/admin" for 109.194.129.39 at Чтв Июл 14 14:25:21 +0400 2011
  Processing by Admin::BookingsController#index as HTML
Rendered admin/bookings/index.haml within layouts/admin (3.4ms)
Completed 200 OK in 5ms (Views: 4.0ms | ActiveRecord: 0.7ms)


Started POST "/admin/7" for 109.194.129.39 at Чтв Июл 14 14:25:22 +0400 2011
  Processing by Admin::BookingsController#destroy as HTML
  Parameters: {"authenticity_token"=>"cGI68y+2WabOt8OU6+bZTEY3fvkQfacWG8Ed3HJ+jao=", "id"=>"7"}
Redirected to http://erevan-restoran.ru/admin
Completed 302 Found in 288ms


Started GET "/admin" for 109.194.129.39 at Чтв Июл 14 14:25:23 +0400 2011
  Processing by Admin::BookingsController#index as HTML
Rendered admin/bookings/index.haml within layouts/admin (4.1ms)
Completed 200 OK in 7ms (Views: 5.0ms | ActiveRecord: 0.8ms)


Started POST "/admin/6" for 109.194.129.39 at Чтв Июл 14 14:25:24 +0400 2011
  Processing by Admin::BookingsController#destroy as HTML
  Parameters: {"authenticity_token"=>"cGI68y+2WabOt8OU6+bZTEY3fvkQfacWG8Ed3HJ+jao=", "id"=>"6"}
Redirected to http://erevan-restoran.ru/admin
Completed 302 Found in 4ms


Started GET "/admin" for 109.194.129.39 at Чтв Июл 14 14:25:24 +0400 2011
  Processing by Admin::BookingsController#index as HTML
Rendered admin/bookings/index.haml within layouts/admin (2.2ms)
Completed 200 OK in 4ms (Views: 2.8ms | ActiveRecord: 0.7ms)


Started POST "/admin/5" for 109.194.129.39 at Чтв Июл 14 14:25:25 +0400 2011
  Processing by Admin::BookingsController#destroy as HTML
  Parameters: {"authenticity_token"=>"cGI68y+2WabOt8OU6+bZTEY3fvkQfacWG8Ed3HJ+jao=", "id"=>"5"}
Redirected to http://erevan-restoran.ru/admin
Completed 302 Found in 4ms


Started GET "/admin" for 109.194.129.39 at Чтв Июл 14 14:25:25 +0400 2011
  Processing by Admin::BookingsController#index as HTML
Rendered admin/bookings/index.haml within layouts/admin (1.5ms)
Completed 200 OK in 3ms (Views: 2.1ms | ActiveRecord: 0.7ms)


Started GET "/admin" for 109.194.129.39 at Чтв Июл 14 14:25:28 +0400 2011
  Processing by Admin::BookingsController#index as HTML
Rendered admin/bookings/index.haml within layouts/admin (1.5ms)
Completed 200 OK in 3ms (Views: 2.1ms | ActiveRecord: 0.2ms)


Started GET "/admin/pages" for 109.194.129.39 at Чтв Июл 14 14:25:29 +0400 2011
  Processing by Admin::PagesController#index as HTML
Rendered admin/pages/index.html.haml within layouts/admin (37.3ms)
Completed 200 OK in 53ms (Views: 51.4ms | ActiveRecord: 0.7ms)


Started GET "/admin/pages/1/edit" for 109.194.129.39 at Чтв Июл 14 14:25:32 +0400 2011
  Processing by Admin::PagesController#edit as HTML
  Parameters: {"id"=>"1"}
Rendered admin/pages/_form.html.haml (141.7ms)
Rendered admin/pages/edit.html.haml within layouts/admin (149.0ms)
Completed 200 OK in 157ms (Views: 155.9ms | ActiveRecord: 0.2ms)


Started GET "/admin/pages" for 109.194.129.39 at Чтв Июл 14 14:25:38 +0400 2011
  Processing by Admin::PagesController#index as HTML
Rendered admin/pages/index.html.haml within layouts/admin (10.5ms)
Completed 200 OK in 12ms (Views: 10.7ms | ActiveRecord: 0.7ms)


Started GET "/admin/pages/1/images" for 109.194.129.39 at Чтв Июл 14 14:25:40 +0400 2011
  Processing by Admin::ImagesController#index as HTML
  Parameters: {"page_id"=>"1"}
Rendered admin/images/_images.haml (7.3ms)
Rendered admin/images/_new.haml (4.7ms)
Rendered admin/images/index.haml within layouts/admin (20.3ms)
Completed 200 OK in 38ms (Views: 36.9ms | ActiveRecord: 0.4ms)


Started POST "/admin/pages/1/images" for 109.194.129.39 at Чтв Июл 14 14:25:55 +0400 2011
  Processing by Admin::ImagesController#create as HTML
  Parameters: {"commit"=>"Загрузить", "authenticity_token"=>"cGI68y+2WabOt8OU6+bZTEY3fvkQfacWG8Ed3HJ+jao=", "utf8"=>"✓", "page_id"=>"1", "image"=>{"image"=>#<ActionDispatch::Http::UploadedFile:0x7f9cc5a992a0 @tempfile=#<File:/tmp/RackMultipart20110714-23113-c5gq3g-0>, @original_filename="bnn_main.jpg", @headers="Content-Disposition: form-data; name=\"image[image]\"; filename=\"bnn_main.jpg\"\r\nContent-Type: image/jpeg\r\n", @content_type="image/jpeg">}}
Redirected to http://erevan-restoran.ru/admin/pages/1/images
Completed 302 Found in 629ms


Started GET "/admin/pages/1/images" for 109.194.129.39 at Чтв Июл 14 14:25:55 +0400 2011
  Processing by Admin::ImagesController#index as HTML
  Parameters: {"page_id"=>"1"}
Rendered admin/images/_images.haml (6.8ms)
Rendered admin/images/_new.haml (3.0ms)
Rendered admin/images/index.haml within layouts/admin (11.8ms)
Completed 200 OK in 14ms (Views: 12.2ms | ActiveRecord: 0.8ms)


Started POST "/admin/pages/1/images/55" for 109.194.129.39 at Чтв Июл 14 14:25:59 +0400 2011
  Processing by Admin::ImagesController#destroy as HTML
  Parameters: {"authenticity_token"=>"cGI68y+2WabOt8OU6+bZTEY3fvkQfacWG8Ed3HJ+jao=", "page_id"=>"1", "id"=>"55"}
Redirected to http://erevan-restoran.ru/admin/pages/1/images
Completed 302 Found in 7ms


Started GET "/admin/pages/1/images" for 109.194.129.39 at Чтв Июл 14 14:25:59 +0400 2011
  Processing by Admin::ImagesController#index as HTML
  Parameters: {"page_id"=>"1"}
Rendered admin/images/_images.haml (4.2ms)
Rendered admin/images/_new.haml (2.5ms)
Rendered admin/images/index.haml within layouts/admin (8.3ms)
Completed 200 OK in 10ms (Views: 8.6ms | ActiveRecord: 0.7ms)


Started GET "/admin/pages" for 109.194.129.39 at Чтв Июл 14 14:26:02 +0400 2011
  Processing by Admin::PagesController#index as HTML
Rendered admin/pages/index.html.haml within layouts/admin (96.5ms)
Completed 200 OK in 99ms (Views: 96.6ms | ActiveRecord: 1.1ms)


Started GET "/admin/feedbacks" for 109.194.129.39 at Чтв Июл 14 14:26:06 +0400 2011
  Processing by Admin::FeedbacksController#index as HTML
Rendered admin/feedbacks/index.haml within layouts/admin (8.4ms)
Completed 200 OK in 24ms (Views: 22.5ms | ActiveRecord: 0.3ms)


Started POST "/admin/feedbacks/7" for 109.194.129.39 at Чтв Июл 14 14:26:10 +0400 2011
  Processing by Admin::FeedbacksController#destroy as HTML
  Parameters: {"authenticity_token"=>"cGI68y+2WabOt8OU6+bZTEY3fvkQfacWG8Ed3HJ+jao=", "id"=>"7"}
Redirected to http://erevan-restoran.ru/admin/feedbacks
Completed 302 Found in 3ms


Started GET "/admin/feedbacks" for 109.194.129.39 at Чтв Июл 14 14:26:11 +0400 2011
  Processing by Admin::FeedbacksController#index as HTML
Rendered admin/feedbacks/index.haml within layouts/admin (2.8ms)
Completed 200 OK in 4ms (Views: 3.3ms | ActiveRecord: 0.5ms)


Started POST "/admin/feedbacks/6" for 109.194.129.39 at Чтв Июл 14 14:26:12 +0400 2011
  Processing by Admin::FeedbacksController#destroy as HTML
  Parameters: {"authenticity_token"=>"cGI68y+2WabOt8OU6+bZTEY3fvkQfacWG8Ed3HJ+jao=", "id"=>"6"}
Redirected to http://erevan-restoran.ru/admin/feedbacks
Completed 302 Found in 33ms


Started GET "/admin/feedbacks" for 109.194.129.39 at Чтв Июл 14 14:26:13 +0400 2011
  Processing by Admin::FeedbacksController#index as HTML
Rendered admin/feedbacks/index.haml within layouts/admin (2.5ms)
Completed 200 OK in 4ms (Views: 3.0ms | ActiveRecord: 0.5ms)


Started POST "/admin/feedbacks/5" for 109.194.129.39 at Чтв Июл 14 14:26:14 +0400 2011
  Processing by Admin::FeedbacksController#destroy as HTML
  Parameters: {"authenticity_token"=>"cGI68y+2WabOt8OU6+bZTEY3fvkQfacWG8Ed3HJ+jao=", "id"=>"5"}
Redirected to http://erevan-restoran.ru/admin/feedbacks
Completed 302 Found in 4ms


Started GET "/admin/feedbacks" for 109.194.129.39 at Чтв Июл 14 14:26:15 +0400 2011
  Processing by Admin::FeedbacksController#index as HTML
Rendered admin/feedbacks/index.haml within layouts/admin (2.2ms)
Completed 200 OK in 4ms (Views: 2.7ms | ActiveRecord: 0.7ms)


Started GET "/admin/flowers" for 109.194.129.39 at Чтв Июл 14 14:26:17 +0400 2011
  Processing by Admin::MenusController#flowers as HTML
Rendered admin/menus/flowers.haml within layouts/admin (33.2ms)
Completed 200 OK in 55ms (Views: 52.6ms | ActiveRecord: 0.3ms)


Started GET "/admin/flowers_new" for 109.194.129.39 at Чтв Июл 14 14:26:20 +0400 2011
  Processing by Admin::MenusController#flowers_new as HTML
Rendered admin/menus/flowers_new.haml within layouts/admin (8.5ms)
Completed 200 OK in 19ms (Views: 18.0ms | ActiveRecord: 0.0ms)


Started GET "/admin/shashlyk_menu" for 109.194.129.39 at Чтв Июл 14 14:26:23 +0400 2011
  Processing by Admin::MenusController#shashlyk_menu as HTML
Rendered admin/menus/shashlyk_menu.haml within layouts/admin (98.2ms)
Completed 200 OK in 101ms (Views: 99.7ms | ActiveRecord: 0.4ms)


Started GET "/admin/flowers" for 109.194.129.39 at Чтв Июл 14 14:26:25 +0400 2011
  Processing by Admin::MenusController#flowers as HTML
Rendered admin/menus/flowers.haml within layouts/admin (8.4ms)
Completed 200 OK in 10ms (Views: 9.0ms | ActiveRecord: 0.3ms)


Started GET "/admin/menu_categories" for 109.194.129.39 at Чтв Июл 14 14:26:26 +0400 2011
  Processing by Admin::MenuCategoriesController#index as HTML
Rendered admin/menu_categories/index.html.haml within layouts/admin (6.4ms)
Completed 200 OK in 13ms (Views: 11.7ms | ActiveRecord: 0.2ms)


Started GET "/" for 109.194.129.39 at Чтв Июл 14 14:26:29 +0400 2011
  Processing by PagesController#home as HTML
Rendered pages/_cont.haml (0.1ms)
Rendered shared/_user_nav.haml (1.4ms)
Rendered shared/_audio.haml (0.1ms)
Rendered shared/_menu.haml (0.1ms)
Rendered shared/_slider.haml (2.9ms)
Rendered pages/home.haml within layouts/application_h (7.0ms)
Completed 200 OK in 9ms (Views: 7.2ms | ActiveRecord: 0.6ms)


Started GET "/" for 109.194.129.39 at Чтв Июл 14 14:26:31 +0400 2011
  Processing by PagesController#home as HTML
Rendered pages/_cont.haml (0.1ms)
Rendered shared/_user_nav.haml (1.7ms)
Rendered shared/_audio.haml (0.1ms)
Rendered shared/_menu.haml (0.1ms)
Rendered shared/_slider.haml (3.1ms)
Rendered pages/home.haml within layouts/application_h (7.6ms)
Completed 200 OK in 10ms (Views: 7.7ms | ActiveRecord: 0.8ms)


Started GET "/shashlyk" for 109.194.129.39 at Чтв Июл 14 14:26:38 +0400 2011
  Processing by PagesController#shashlyk as HTML
Rendered pages/_cont.haml (0.2ms)
Rendered shared/_shashlyk.haml (5.4ms)
Rendered shared/_user_nav.haml (1.9ms)
Rendered shared/_audio.haml (0.1ms)
Rendered shared/_menu.haml (0.1ms)
Rendered shared/_slider.haml (2.1ms)
Rendered pages/shashlyk.haml within layouts/application_s (28.1ms)
Completed 200 OK in 41ms (Views: 39.1ms | ActiveRecord: 0.7ms)


Started GET "/restaurant" for 109.194.129.39 at Чтв Июл 14 14:26:40 +0400 2011
  Processing by PagesController#restaurant as HTML
Rendered pages/_cont.haml (0.2ms)
Rendered shared/_restaurant.haml (6.5ms)
Rendered shared/_user_nav.haml (2.0ms)
Rendered shared/_audio.haml (0.1ms)
Rendered shared/_menu.haml (0.1ms)
Rendered shared/_slider.haml (2.5ms)
Rendered pages/restaurant.haml within layouts/application_r (121.1ms)
Completed 200 OK in 144ms (Views: 142.1ms | ActiveRecord: 0.7ms)


Started GET "/restaurant/menu" for 109.194.129.39 at Чтв Июл 14 14:26:43 +0400 2011
  Processing by MenusController#restaurant_menu as HTML
Rendered shared/_restaurant.haml (0.1ms)
Rendered shared/_user_nav.haml (1.0ms)
Rendered shared/_audio.haml (0.1ms)
Rendered shared/_menu.haml (0.2ms)
Rendered menus/restaurant_menu.haml within layouts/application_m (24.8ms)
Completed 200 OK in 53ms (Views: 50.3ms | ActiveRecord: 0.6ms)


Started GET "/restaurant/audio.mp3" for 109.194.129.39 at Чтв Июл 14 14:26:44 +0400 2011

ActionController::RoutingError (No route matches "/restaurant/audio.mp3"):
  



Started GET "/restaurant/audio.mp3" for 109.194.129.39 at Чтв Июл 14 14:26:44 +0400 2011

ActionController::RoutingError (No route matches "/restaurant/audio.mp3"):
  



Started GET "/restaurant/audio.mp3" for 109.194.129.39 at Чтв Июл 14 14:26:44 +0400 2011

ActionController::RoutingError (No route matches "/restaurant/audio.mp3"):
  



Started GET "/restaurant/audio.mp3" for 109.194.129.39 at Чтв Июл 14 14:26:44 +0400 2011

ActionController::RoutingError (No route matches "/restaurant/audio.mp3"):
  



Started GET "/restaurant/audio.mp3" for 109.194.129.39 at Чтв Июл 14 14:26:44 +0400 2011

ActionController::RoutingError (No route matches "/restaurant/audio.mp3"):
  



Started GET "/restaurant/audio.mp3" for 109.194.129.39 at Чтв Июл 14 14:26:45 +0400 2011

ActionController::RoutingError (No route matches "/restaurant/audio.mp3"):
  



Started GET "/booking" for 109.194.129.39 at Чтв Июл 14 14:26:47 +0400 2011
  Processing by BookingsController#index as HTML
  Parameters: {"controllers"=>:bookings}
Rendered shared/_user_nav.haml (2.4ms)
Rendered shared/_audio.haml (0.1ms)
Rendered shared/_menu.haml (0.1ms)
Rendered bookings/index.haml within layouts/application_b (32.1ms)
Completed 200 OK in 54ms (Views: 53.0ms | ActiveRecord: 0.6ms)


Started GET "/shashlyk" for 109.194.129.39 at Чтв Июл 14 14:26:51 +0400 2011
  Processing by PagesController#shashlyk as HTML
Rendered pages/_cont.haml (0.2ms)
Rendered shared/_shashlyk.haml (0.1ms)
Rendered shared/_user_nav.haml (1.8ms)
Rendered shared/_audio.haml (0.1ms)
Rendered shared/_menu.haml (0.1ms)
Rendered shared/_slider.haml (2.4ms)
Rendered pages/shashlyk.haml within layouts/application_s (8.0ms)
Completed 200 OK in 10ms (Views: 8.3ms | ActiveRecord: 0.7ms)


Started GET "/contacts" for 109.194.129.39 at Чтв Июл 14 14:26:55 +0400 2011
  Processing by PagesController#contacts as HTML
Rendered shared/_yandex.erb (0.1ms)
Rendered shared/_user_nav.haml (2.1ms)
Rendered shared/_audio.haml (0.1ms)
Rendered shared/_menu.haml (0.1ms)
Rendered pages/contacts.erb within layouts/application_с (5.6ms)
Completed 200 OK in 8ms (Views: 6.0ms | ActiveRecord: 0.5ms)


Started GET "/feedbacks" for 109.194.129.39 at Чтв Июл 14 14:26:59 +0400 2011
  Processing by FeedbacksController#index as HTML
Rendered shared/_user_nav.haml (0.6ms)
Rendered shared/_audio.haml (0.1ms)
Rendered shared/_menu.haml (0.1ms)
Rendered feedbacks/index.haml within layouts/application_f (23.7ms)
Completed 200 OK in 46ms (Views: 44.9ms | ActiveRecord: 0.5ms)
